2024-03-28T08:36:54,912 [main] INFO  (AllureReportGeneration.java:43) - e2eAPIRequest test execution started...
2024-03-28T08:36:59,360 [main] INFO  (RestAssuredListener.java:23) - 
 Method =>POST
 URI => https://restful-booker.herokuapp.com/booking
 Request body => {
    "firstname": "api testing",
    "lastname": "tutorial",
    "totalprice": 1000,
    "depositpaid": true,
    "bookingdates": {
        "checkin": "2018-01-01",
        "checkout": "2019-01-01"
    },
    "additionalneeds": "super bowls"
}
 Response body => {
    "bookingid": 2532,
    "booking": {
        "firstname": "api testing",
        "lastname": "tutorial",
        "totalprice": 1000,
        "depositpaid": true,
        "bookingdates": {
            "checkin": "2018-01-01",
            "checkout": "2019-01-01"
        },
        "additionalneeds": "super bowls"
    }
}
2024-03-28T08:37:00,678 [main] INFO  (RestAssuredListener.java:23) - 
 Method =>GET
 URI => https://restful-booker.herokuapp.com/booking/2532
 Request body => null
 Response body => {
    "firstname": "api testing",
    "lastname": "tutorial",
    "totalprice": 1000,
    "depositpaid": true,
    "bookingdates": {
        "checkin": "2018-01-01",
        "checkout": "2019-01-01"
    },
    "additionalneeds": "super bowls"
}
2024-03-28T08:37:01,810 [main] INFO  (RestAssuredListener.java:23) - 
 Method =>POST
 URI => https://restful-booker.herokuapp.com/auth
 Request body => {
    "username":"admin",
    "password":"password123"

}
 Response body => {
    "token": "ffa900db5fae492"
}
2024-03-28T08:37:03,022 [main] INFO  (RestAssuredListener.java:23) - 
 Method =>PUT
 URI => https://restful-booker.herokuapp.com/booking/2532
 Request body => {
    "firstname": "Specflow",
    "lastname": "Selenium C#",
    "totalprice": 111,
    "depositpaid": true,
    "bookingdates": {
        "checkin": "2018-01-01",
        "checkout": "2019-01-01"
    },
    "additionalneeds": "super bowls"
}
 Response body => {
    "firstname": "Specflow",
    "lastname": "Selenium C#",
    "totalprice": 111,
    "depositpaid": true,
    "bookingdates": {
        "checkin": "2018-01-01",
        "checkout": "2019-01-01"
    },
    "additionalneeds": "super bowls"
}
2024-03-28T08:37:05,134 [main] INFO  (RestAssuredListener.java:23) - 
 Method =>PATCH
 URI => https://restful-booker.herokuapp.com/booking/2532
 Request body => {
    "firstname": "Testers Talk"
}
 Response body => {
    "firstname": "Testers Talk",
    "lastname": "Selenium C#",
    "totalprice": 111,
    "depositpaid": true,
    "bookingdates": {
        "checkin": "2018-01-01",
        "checkout": "2019-01-01"
    },
    "additionalneeds": "super bowls"
}
2024-03-28T08:37:06,812 [main] INFO  (RestAssuredListener.java:23) - 
 Method =>DELETE
 URI => https://restful-booker.herokuapp.com/booking/2532
 Request body => null
 Response body => Created
2024-03-28T08:37:06,814 [main] INFO  (AllureReportGeneration.java:154) - e2eAPIRequest test execution ended...
2024-03-28T08:37:06,860 [main] INFO  (AllureReportGeneration.java:164) - e2eAPIRequest test execution started...
2024-03-28T08:37:08,030 [main] INFO  (RestAssuredListener.java:23) - 
 Method =>POST
 URI => https://restful-booker.herokuapp.com/booking
 Request body => {
    "firstname": "api testing",
    "lastname": "tutorial",
    "totalprice": 1000,
    "depositpaid": true,
    "bookingdates": {
        "checkin": "2018-01-01",
        "checkout": "2019-01-01"
    },
    "additionalneeds": "super bowls"
}
 Response body => {
    "bookingid": 2601,
    "booking": {
        "firstname": "api testing",
        "lastname": "tutorial",
        "totalprice": 1000,
        "depositpaid": true,
        "bookingdates": {
            "checkin": "2018-01-01",
            "checkout": "2019-01-01"
        },
        "additionalneeds": "super bowls"
    }
}
2024-03-28T08:37:09,183 [main] INFO  (RestAssuredListener.java:23) - 
 Method =>GET
 URI => https://restful-booker.herokuapp.com/booking/2601
 Request body => null
 Response body => {
    "firstname": "api testing",
    "lastname": "tutorial",
    "totalprice": 1000,
    "depositpaid": true,
    "bookingdates": {
        "checkin": "2018-01-01",
        "checkout": "2019-01-01"
    },
    "additionalneeds": "super bowls"
}
2024-03-28T08:37:09,185 [main] INFO  (AllureReportGeneration.java:215) - e2eAPIRequest test execution ended...
2024-03-28T11:52:41,023 [main] INFO  (EndToEndAPITest.java:35) - e2eAPIRequest test execution started...
2024-03-28T11:52:41,324 [main] INFO  (EndToEndAPITest.java:166) - e2eAPIRequest test execution ended...
2024-03-28T11:52:41,361 [main] INFO  (EndToEndAPITest.java:35) - e2eAPIRequest test execution started...
2024-03-28T11:52:41,365 [main] INFO  (EndToEndAPITest.java:166) - e2eAPIRequest test execution ended...
2024-03-28T11:56:41,280 [main] INFO  (EndToEndAPITest.java:35) - e2eAPIRequest test execution started...
2024-03-28T11:56:45,655 [main] INFO  (RestAssuredListener.java:23) - 
 Method =>POST
 URI => https://restful-booker.herokuapp.com/booking
 Request body => {
  "firstname" : "api testing by",
  "lastname" : "testers talk",
  "additionalneeds" : "super bowls",
  "totalprice" : 1000,
  "depositpaid" : true,
  "bookingdates" : {
    "checkin" : "2018-01-01",
    "checkout" : "2019-01-01"
  }
}
 Response body => {
    "bookingid": 2859,
    "booking": {
        "firstname": "api testing by",
        "lastname": "testers talk",
        "totalprice": 1000,
        "depositpaid": true,
        "bookingdates": {
            "checkin": "2018-01-01",
            "checkout": "2019-01-01"
        },
        "additionalneeds": "super bowls"
    }
}
2024-03-28T11:56:45,801 [main] INFO  (BaseTest.java:39) - java.lang.AssertionError: expected [api testing] but found [api testing by]
	at org.testng.Assert.fail(Assert.java:99)
	at org.testng.Assert.failNotEquals(Assert.java:1037)
	at org.testng.Assert.assertEqualsImpl(Assert.java:140)
	at org.testng.Assert.assertEquals(Assert.java:122)
	at org.testng.Assert.assertEquals(Assert.java:629)
	at org.testng.Assert.assertEquals(Assert.java:639)
	at com.testautomation.apitesting.tests.EndToEndAPITest.e2eAPIRequest(EndToEndAPITest.java:81)
	at java.base/jdk.internal.reflect.DirectMethodHandleAccessor.invoke(DirectMethodHandleAccessor.java:103)
	at java.base/java.lang.reflect.Method.invoke(Method.java:580)
	at org.testng.internal.MethodInvocationHelper.invokeMethod(MethodInvocationHelper.java:133)
	at org.testng.internal.TestInvoker.invokeMethod(TestInvoker.java:598)
	at org.testng.internal.TestInvoker.invokeTestMethod(TestInvoker.java:173)
	at org.testng.internal.MethodRunner.runInSequence(MethodRunner.java:46)
	at org.testng.internal.TestInvoker$MethodInvocationAgent.invoke(TestInvoker.java:824)
	at org.testng.internal.TestInvoker.invokeTestMethods(TestInvoker.java:146)
	at org.testng.internal.TestMethodWorker.invokeTestMethods(TestMethodWorker.java:146)
	at org.testng.internal.TestMethodWorker.run(TestMethodWorker.java:128)
	at java.base/java.util.ArrayList.forEach(ArrayList.java:1596)
	at org.testng.TestRunner.privateRun(TestRunner.java:794)
	at org.testng.TestRunner.run(TestRunner.java:596)
	at org.testng.SuiteRunner.runTest(SuiteRunner.java:377)
	at org.testng.SuiteRunner.runSequentially(SuiteRunner.java:371)
	at org.testng.SuiteRunner.privateRun(SuiteRunner.java:332)
	at org.testng.SuiteRunner.run(SuiteRunner.java:276)
	at org.testng.SuiteRunnerWorker.runSuite(SuiteRunnerWorker.java:53)
	at org.testng.SuiteRunnerWorker.run(SuiteRunnerWorker.java:96)
	at org.testng.TestNG.runSuitesSequentially(TestNG.java:1212)
	at org.testng.TestNG.runSuitesLocally(TestNG.java:1134)
	at org.testng.TestNG.runSuites(TestNG.java:1063)
	at org.testng.TestNG.run(TestNG.java:1031)
	at org.testng.remote.AbstractRemoteTestNG.run(AbstractRemoteTestNG.java:115)
	at org.testng.remote.RemoteTestNG.initAndRun(RemoteTestNG.java:251)
	at org.testng.remote.RemoteTestNG.main(RemoteTestNG.java:77)

2024-03-28T11:56:45,811 [main] INFO  (EndToEndAPITest.java:35) - e2eAPIRequest test execution started...
2024-03-28T11:56:47,038 [main] INFO  (RestAssuredListener.java:23) - 
 Method =>POST
 URI => https://restful-booker.herokuapp.com/booking
 Request body => {
  "firstname" : "rest assured  by",
  "lastname" : "testers talk",
  "additionalneeds" : "super bowls",
  "totalprice" : 1001,
  "depositpaid" : true,
  "bookingdates" : {
    "checkin" : "2018-01-01",
    "checkout" : "2019-01-01"
  }
}
 Response body => {
    "bookingid": 2870,
    "booking": {
        "firstname": "rest assured  by",
        "lastname": "testers talk",
        "totalprice": 1001,
        "depositpaid": true,
        "bookingdates": {
            "checkin": "2018-01-01",
            "checkout": "2019-01-01"
        },
        "additionalneeds": "super bowls"
    }
}
2024-03-28T11:56:47,045 [main] INFO  (BaseTest.java:39) - java.lang.AssertionError: expected [api testing] but found [rest assured  by]
	at org.testng.Assert.fail(Assert.java:99)
	at org.testng.Assert.failNotEquals(Assert.java:1037)
	at org.testng.Assert.assertEqualsImpl(Assert.java:140)
	at org.testng.Assert.assertEquals(Assert.java:122)
	at org.testng.Assert.assertEquals(Assert.java:629)
	at org.testng.Assert.assertEquals(Assert.java:639)
	at com.testautomation.apitesting.tests.EndToEndAPITest.e2eAPIRequest(EndToEndAPITest.java:81)
	at java.base/jdk.internal.reflect.DirectMethodHandleAccessor.invoke(DirectMethodHandleAccessor.java:103)
	at java.base/java.lang.reflect.Method.invoke(Method.java:580)
	at org.testng.internal.MethodInvocationHelper.invokeMethod(MethodInvocationHelper.java:133)
	at org.testng.internal.TestInvoker.invokeMethod(TestInvoker.java:598)
	at org.testng.internal.TestInvoker.invokeTestMethod(TestInvoker.java:173)
	at org.testng.internal.MethodRunner.runInSequence(MethodRunner.java:46)
	at org.testng.internal.TestInvoker$MethodInvocationAgent.invoke(TestInvoker.java:824)
	at org.testng.internal.TestInvoker.invokeTestMethods(TestInvoker.java:146)
	at org.testng.internal.TestMethodWorker.invokeTestMethods(TestMethodWorker.java:146)
	at org.testng.internal.TestMethodWorker.run(TestMethodWorker.java:128)
	at java.base/java.util.ArrayList.forEach(ArrayList.java:1596)
	at org.testng.TestRunner.privateRun(TestRunner.java:794)
	at org.testng.TestRunner.run(TestRunner.java:596)
	at org.testng.SuiteRunner.runTest(SuiteRunner.java:377)
	at org.testng.SuiteRunner.runSequentially(SuiteRunner.java:371)
	at org.testng.SuiteRunner.privateRun(SuiteRunner.java:332)
	at org.testng.SuiteRunner.run(SuiteRunner.java:276)
	at org.testng.SuiteRunnerWorker.runSuite(SuiteRunnerWorker.java:53)
	at org.testng.SuiteRunnerWorker.run(SuiteRunnerWorker.java:96)
	at org.testng.TestNG.runSuitesSequentially(TestNG.java:1212)
	at org.testng.TestNG.runSuitesLocally(TestNG.java:1134)
	at org.testng.TestNG.runSuites(TestNG.java:1063)
	at org.testng.TestNG.run(TestNG.java:1031)
	at org.testng.remote.AbstractRemoteTestNG.run(AbstractRemoteTestNG.java:115)
	at org.testng.remote.RemoteTestNG.initAndRun(RemoteTestNG.java:251)
	at org.testng.remote.RemoteTestNG.main(RemoteTestNG.java:77)

2024-03-28T11:58:28,188 [main] INFO  (EndToEndAPITest.java:35) - e2eAPIRequest test execution started...
2024-03-28T11:58:32,100 [main] INFO  (RestAssuredListener.java:23) - 
 Method =>POST
 URI => https://restful-booker.herokuapp.com/booking
 Request body => {
  "firstname" : "api testing by",
  "lastname" : "testers talk",
  "additionalneeds" : "super bowls",
  "totalprice" : 1000,
  "depositpaid" : true,
  "bookingdates" : {
    "checkin" : "2018-01-01",
    "checkout" : "2019-01-01"
  }
}
 Response body => {
    "bookingid": 3765,
    "booking": {
        "firstname": "api testing by",
        "lastname": "testers talk",
        "totalprice": 1000,
        "depositpaid": true,
        "bookingdates": {
            "checkin": "2018-01-01",
            "checkout": "2019-01-01"
        },
        "additionalneeds": "super bowls"
    }
}
2024-03-28T11:58:32,232 [main] INFO  (BaseTest.java:39) - java.lang.AssertionError: expected [rest assured  by] but found [api testing by]
	at org.testng.Assert.fail(Assert.java:99)
	at org.testng.Assert.failNotEquals(Assert.java:1037)
	at org.testng.Assert.assertEqualsImpl(Assert.java:140)
	at org.testng.Assert.assertEquals(Assert.java:122)
	at org.testng.Assert.assertEquals(Assert.java:629)
	at org.testng.Assert.assertEquals(Assert.java:639)
	at com.testautomation.apitesting.tests.EndToEndAPITest.e2eAPIRequest(EndToEndAPITest.java:81)
	at java.base/jdk.internal.reflect.DirectMethodHandleAccessor.invoke(DirectMethodHandleAccessor.java:103)
	at java.base/java.lang.reflect.Method.invoke(Method.java:580)
	at org.testng.internal.MethodInvocationHelper.invokeMethod(MethodInvocationHelper.java:133)
	at org.testng.internal.TestInvoker.invokeMethod(TestInvoker.java:598)
	at org.testng.internal.TestInvoker.invokeTestMethod(TestInvoker.java:173)
	at org.testng.internal.MethodRunner.runInSequence(MethodRunner.java:46)
	at org.testng.internal.TestInvoker$MethodInvocationAgent.invoke(TestInvoker.java:824)
	at org.testng.internal.TestInvoker.invokeTestMethods(TestInvoker.java:146)
	at org.testng.internal.TestMethodWorker.invokeTestMethods(TestMethodWorker.java:146)
	at org.testng.internal.TestMethodWorker.run(TestMethodWorker.java:128)
	at java.base/java.util.ArrayList.forEach(ArrayList.java:1596)
	at org.testng.TestRunner.privateRun(TestRunner.java:794)
	at org.testng.TestRunner.run(TestRunner.java:596)
	at org.testng.SuiteRunner.runTest(SuiteRunner.java:377)
	at org.testng.SuiteRunner.runSequentially(SuiteRunner.java:371)
	at org.testng.SuiteRunner.privateRun(SuiteRunner.java:332)
	at org.testng.SuiteRunner.run(SuiteRunner.java:276)
	at org.testng.SuiteRunnerWorker.runSuite(SuiteRunnerWorker.java:53)
	at org.testng.SuiteRunnerWorker.run(SuiteRunnerWorker.java:96)
	at org.testng.TestNG.runSuitesSequentially(TestNG.java:1212)
	at org.testng.TestNG.runSuitesLocally(TestNG.java:1134)
	at org.testng.TestNG.runSuites(TestNG.java:1063)
	at org.testng.TestNG.run(TestNG.java:1031)
	at org.testng.remote.AbstractRemoteTestNG.run(AbstractRemoteTestNG.java:115)
	at org.testng.remote.RemoteTestNG.initAndRun(RemoteTestNG.java:251)
	at org.testng.remote.RemoteTestNG.main(RemoteTestNG.java:77)

2024-03-28T11:58:32,243 [main] INFO  (EndToEndAPITest.java:35) - e2eAPIRequest test execution started...
2024-03-28T11:58:33,383 [main] INFO  (RestAssuredListener.java:23) - 
 Method =>POST
 URI => https://restful-booker.herokuapp.com/booking
 Request body => {
  "firstname" : "rest assured  by",
  "lastname" : "testers talk",
  "additionalneeds" : "super bowls",
  "totalprice" : 1001,
  "depositpaid" : true,
  "bookingdates" : {
    "checkin" : "2018-01-01",
    "checkout" : "2019-01-01"
  }
}
 Response body => {
    "bookingid": 3775,
    "booking": {
        "firstname": "rest assured  by",
        "lastname": "testers talk",
        "totalprice": 1001,
        "depositpaid": true,
        "bookingdates": {
            "checkin": "2018-01-01",
            "checkout": "2019-01-01"
        },
        "additionalneeds": "super bowls"
    }
}
2024-03-28T11:58:33,385 [main] INFO  (EndToEndAPITest.java:164) - e2eAPIRequest test execution ended...
2024-03-28T11:59:45,253 [main] INFO  (EndToEndAPITest.java:35) - e2eAPIRequest test execution started...
2024-03-28T11:59:49,168 [main] INFO  (RestAssuredListener.java:23) - 
 Method =>POST
 URI => https://restful-booker.herokuapp.com/booking
 Request body => {
  "firstname" : "rest assured  by",
  "lastname" : "testers talk",
  "additionalneeds" : "super bowls",
  "totalprice" : 1001,
  "depositpaid" : true,
  "bookingdates" : {
    "checkin" : "2018-01-01",
    "checkout" : "2019-01-01"
  }
}
 Response body => {
    "bookingid": 4420,
    "booking": {
        "firstname": "rest assured  by",
        "lastname": "testers talk",
        "totalprice": 1001,
        "depositpaid": true,
        "bookingdates": {
            "checkin": "2018-01-01",
            "checkout": "2019-01-01"
        },
        "additionalneeds": "super bowls"
    }
}
2024-03-28T11:59:49,294 [main] INFO  (EndToEndAPITest.java:164) - e2eAPIRequest test execution ended...
2024-03-28T12:00:36,817 [main] INFO  (EndToEndAPITest.java:35) - e2eAPIRequest test execution started...
2024-03-28T12:00:37,085 [main] INFO  (EndToEndAPITest.java:166) - e2eAPIRequest test execution ended...
2024-03-28T12:01:58,355 [main] INFO  (EndToEndAPITest.java:35) - e2eAPIRequest test execution started...
2024-03-28T12:01:58,669 [main] INFO  (EndToEndAPITest.java:166) - e2eAPIRequest test execution ended...
2024-03-28T12:02:26,239 [main] INFO  (EndToEndAPITest.java:35) - e2eAPIRequest test execution started...
2024-03-28T12:02:26,559 [main] INFO  (EndToEndAPITest.java:166) - e2eAPIRequest test execution ended...
2024-03-28T12:02:26,596 [main] INFO  (EndToEndAPITest.java:35) - e2eAPIRequest test execution started...
2024-03-28T12:02:26,599 [main] INFO  (EndToEndAPITest.java:166) - e2eAPIRequest test execution ended...
2024-03-28T12:02:26,613 [main] INFO  (EndToEndAPITest.java:35) - e2eAPIRequest test execution started...
2024-03-28T12:02:26,616 [main] INFO  (EndToEndAPITest.java:166) - e2eAPIRequest test execution ended...
2024-03-28T12:11:40,200 [main] INFO  (EndToEndAPITest.java:35) - e2eAPIRequest test execution started...
2024-03-28T12:11:44,284 [main] INFO  (RestAssuredListener.java:23) - 
 Method =>POST
 URI => https://restful-booker.herokuapp.com/booking
 Request body => {
  "firstname" : "rest assured  by",
  "lastname" : "testers talk",
  "additionalneeds" : "super bowls",
  "totalprice" : 1001,
  "depositpaid" : true,
  "bookingdates" : {
    "checkin" : "2018-01-01",
    "checkout" : "2019-01-01"
  }
}
 Response body => {
    "bookingid": 396,
    "booking": {
        "firstname": "rest assured  by",
        "lastname": "testers talk",
        "totalprice": 1001,
        "depositpaid": true,
        "bookingdates": {
            "checkin": "2018-01-01",
            "checkout": "2019-01-01"
        },
        "additionalneeds": "super bowls"
    }
}
2024-03-28T12:11:44,450 [main] INFO  (BaseTest.java:39) - java.lang.AssertionError: expected [null] but found [rest assured  by]
	at org.testng.Assert.fail(Assert.java:99)
	at org.testng.Assert.failNotEquals(Assert.java:1037)
	at org.testng.Assert.assertEqualsImpl(Assert.java:140)
	at org.testng.Assert.assertEquals(Assert.java:122)
	at org.testng.Assert.assertEquals(Assert.java:629)
	at org.testng.Assert.assertEquals(Assert.java:639)
	at com.testautomation.apitesting.tests.EndToEndAPITest.e2eAPIRequest(EndToEndAPITest.java:81)
	at java.base/jdk.internal.reflect.DirectMethodHandleAccessor.invoke(DirectMethodHandleAccessor.java:103)
	at java.base/java.lang.reflect.Method.invoke(Method.java:580)
	at org.testng.internal.MethodInvocationHelper.invokeMethod(MethodInvocationHelper.java:133)
	at org.testng.internal.TestInvoker.invokeMethod(TestInvoker.java:598)
	at org.testng.internal.TestInvoker.invokeTestMethod(TestInvoker.java:173)
	at org.testng.internal.MethodRunner.runInSequence(MethodRunner.java:46)
	at org.testng.internal.TestInvoker$MethodInvocationAgent.invoke(TestInvoker.java:824)
	at org.testng.internal.TestInvoker.invokeTestMethods(TestInvoker.java:146)
	at org.testng.internal.TestMethodWorker.invokeTestMethods(TestMethodWorker.java:146)
	at org.testng.internal.TestMethodWorker.run(TestMethodWorker.java:128)
	at java.base/java.util.ArrayList.forEach(ArrayList.java:1596)
	at org.testng.TestRunner.privateRun(TestRunner.java:794)
	at org.testng.TestRunner.run(TestRunner.java:596)
	at org.testng.SuiteRunner.runTest(SuiteRunner.java:377)
	at org.testng.SuiteRunner.runSequentially(SuiteRunner.java:371)
	at org.testng.SuiteRunner.privateRun(SuiteRunner.java:332)
	at org.testng.SuiteRunner.run(SuiteRunner.java:276)
	at org.testng.SuiteRunnerWorker.runSuite(SuiteRunnerWorker.java:53)
	at org.testng.SuiteRunnerWorker.run(SuiteRunnerWorker.java:96)
	at org.testng.TestNG.runSuitesSequentially(TestNG.java:1212)
	at org.testng.TestNG.runSuitesLocally(TestNG.java:1134)
	at org.testng.TestNG.runSuites(TestNG.java:1063)
	at org.testng.TestNG.run(TestNG.java:1031)
	at org.testng.remote.AbstractRemoteTestNG.run(AbstractRemoteTestNG.java:115)
	at org.testng.remote.RemoteTestNG.initAndRun(RemoteTestNG.java:251)
	at org.testng.remote.RemoteTestNG.main(RemoteTestNG.java:77)

2024-03-28T12:14:17,071 [main] INFO  (EndToEndAPITest.java:35) - e2eAPIRequest test execution started...
2024-03-28T12:14:21,040 [main] INFO  (RestAssuredListener.java:23) - 
 Method =>POST
 URI => https://restful-booker.herokuapp.com/booking
 Request body => {
  "firstname" : "rest assured  by",
  "lastname" : "testers talk",
  "additionalneeds" : "super bowls",
  "totalprice" : 1001,
  "depositpaid" : true,
  "bookingdates" : {
    "checkin" : "2018-01-01",
    "checkout" : "2019-01-01"
  }
}
 Response body => {
    "bookingid": 1736,
    "booking": {
        "firstname": "rest assured  by",
        "lastname": "testers talk",
        "totalprice": 1001,
        "depositpaid": true,
        "bookingdates": {
            "checkin": "2018-01-01",
            "checkout": "2019-01-01"
        },
        "additionalneeds": "super bowls"
    }
}
2024-03-28T12:14:21,182 [main] INFO  (BaseTest.java:39) - java.lang.AssertionError: expected [null] but found [rest assured  by]
	at org.testng.Assert.fail(Assert.java:99)
	at org.testng.Assert.failNotEquals(Assert.java:1037)
	at org.testng.Assert.assertEqualsImpl(Assert.java:140)
	at org.testng.Assert.assertEquals(Assert.java:122)
	at org.testng.Assert.assertEquals(Assert.java:629)
	at org.testng.Assert.assertEquals(Assert.java:639)
	at com.testautomation.apitesting.tests.EndToEndAPITest.e2eAPIRequest(EndToEndAPITest.java:82)
	at java.base/jdk.internal.reflect.DirectMethodHandleAccessor.invoke(DirectMethodHandleAccessor.java:103)
	at java.base/java.lang.reflect.Method.invoke(Method.java:580)
	at org.testng.internal.MethodInvocationHelper.invokeMethod(MethodInvocationHelper.java:133)
	at org.testng.internal.TestInvoker.invokeMethod(TestInvoker.java:598)
	at org.testng.internal.TestInvoker.invokeTestMethod(TestInvoker.java:173)
	at org.testng.internal.MethodRunner.runInSequence(MethodRunner.java:46)
	at org.testng.internal.TestInvoker$MethodInvocationAgent.invoke(TestInvoker.java:824)
	at org.testng.internal.TestInvoker.invokeTestMethods(TestInvoker.java:146)
	at org.testng.internal.TestMethodWorker.invokeTestMethods(TestMethodWorker.java:146)
	at org.testng.internal.TestMethodWorker.run(TestMethodWorker.java:128)
	at java.base/java.util.ArrayList.forEach(ArrayList.java:1596)
	at org.testng.TestRunner.privateRun(TestRunner.java:794)
	at org.testng.TestRunner.run(TestRunner.java:596)
	at org.testng.SuiteRunner.runTest(SuiteRunner.java:377)
	at org.testng.SuiteRunner.runSequentially(SuiteRunner.java:371)
	at org.testng.SuiteRunner.privateRun(SuiteRunner.java:332)
	at org.testng.SuiteRunner.run(SuiteRunner.java:276)
	at org.testng.SuiteRunnerWorker.runSuite(SuiteRunnerWorker.java:53)
	at org.testng.SuiteRunnerWorker.run(SuiteRunnerWorker.java:96)
	at org.testng.TestNG.runSuitesSequentially(TestNG.java:1212)
	at org.testng.TestNG.runSuitesLocally(TestNG.java:1134)
	at org.testng.TestNG.runSuites(TestNG.java:1063)
	at org.testng.TestNG.run(TestNG.java:1031)
	at org.testng.remote.AbstractRemoteTestNG.run(AbstractRemoteTestNG.java:115)
	at org.testng.remote.RemoteTestNG.initAndRun(RemoteTestNG.java:251)
	at org.testng.remote.RemoteTestNG.main(RemoteTestNG.java:77)

2024-03-28T12:16:26,671 [main] INFO  (EndToEndAPITest.java:35) - e2eAPIRequest test execution started...
2024-03-28T12:16:30,672 [main] INFO  (RestAssuredListener.java:23) - 
 Method =>POST
 URI => https://restful-booker.herokuapp.com/booking
 Request body => {
  "firstname" : "rest assured  by",
  "lastname" : "testers talk",
  "additionalneeds" : "super bowls",
  "totalprice" : 1001,
  "depositpaid" : true,
  "bookingdates" : {
    "checkin" : "2018-01-01",
    "checkout" : "2019-01-01"
  }
}
 Response body => {
    "bookingid": 2841,
    "booking": {
        "firstname": "rest assured  by",
        "lastname": "testers talk",
        "totalprice": 1001,
        "depositpaid": true,
        "bookingdates": {
            "checkin": "2018-01-01",
            "checkout": "2019-01-01"
        },
        "additionalneeds": "super bowls"
    }
}
2024-03-28T12:16:30,812 [main] INFO  (BaseTest.java:39) - java.lang.AssertionError: expected [null] but found [rest assured  by]
	at org.testng.Assert.fail(Assert.java:99)
	at org.testng.Assert.failNotEquals(Assert.java:1037)
	at org.testng.Assert.assertEqualsImpl(Assert.java:140)
	at org.testng.Assert.assertEquals(Assert.java:122)
	at org.testng.Assert.assertEquals(Assert.java:629)
	at org.testng.Assert.assertEquals(Assert.java:639)
	at com.testautomation.apitesting.tests.EndToEndAPITest.e2eAPIRequest(EndToEndAPITest.java:82)
	at java.base/jdk.internal.reflect.DirectMethodHandleAccessor.invoke(DirectMethodHandleAccessor.java:103)
	at java.base/java.lang.reflect.Method.invoke(Method.java:580)
	at org.testng.internal.MethodInvocationHelper.invokeMethod(MethodInvocationHelper.java:133)
	at org.testng.internal.TestInvoker.invokeMethod(TestInvoker.java:598)
	at org.testng.internal.TestInvoker.invokeTestMethod(TestInvoker.java:173)
	at org.testng.internal.MethodRunner.runInSequence(MethodRunner.java:46)
	at org.testng.internal.TestInvoker$MethodInvocationAgent.invoke(TestInvoker.java:824)
	at org.testng.internal.TestInvoker.invokeTestMethods(TestInvoker.java:146)
	at org.testng.internal.TestMethodWorker.invokeTestMethods(TestMethodWorker.java:146)
	at org.testng.internal.TestMethodWorker.run(TestMethodWorker.java:128)
	at java.base/java.util.ArrayList.forEach(ArrayList.java:1596)
	at org.testng.TestRunner.privateRun(TestRunner.java:794)
	at org.testng.TestRunner.run(TestRunner.java:596)
	at org.testng.SuiteRunner.runTest(SuiteRunner.java:377)
	at org.testng.SuiteRunner.runSequentially(SuiteRunner.java:371)
	at org.testng.SuiteRunner.privateRun(SuiteRunner.java:332)
	at org.testng.SuiteRunner.run(SuiteRunner.java:276)
	at org.testng.SuiteRunnerWorker.runSuite(SuiteRunnerWorker.java:53)
	at org.testng.SuiteRunnerWorker.run(SuiteRunnerWorker.java:96)
	at org.testng.TestNG.runSuitesSequentially(TestNG.java:1212)
	at org.testng.TestNG.runSuitesLocally(TestNG.java:1134)
	at org.testng.TestNG.runSuites(TestNG.java:1063)
	at org.testng.TestNG.run(TestNG.java:1031)
	at org.testng.remote.AbstractRemoteTestNG.run(AbstractRemoteTestNG.java:115)
	at org.testng.remote.RemoteTestNG.initAndRun(RemoteTestNG.java:251)
	at org.testng.remote.RemoteTestNG.main(RemoteTestNG.java:77)

2024-03-28T12:17:34,443 [main] INFO  (EndToEndAPITest.java:35) - e2eAPIRequest test execution started...
2024-03-28T12:17:38,410 [main] INFO  (RestAssuredListener.java:23) - 
 Method =>POST
 URI => https://restful-booker.herokuapp.com/booking
 Request body => {
  "firstname" : "rest assured  by",
  "lastname" : "testers talk",
  "additionalneeds" : "super bowls",
  "totalprice" : 1001,
  "depositpaid" : true,
  "bookingdates" : {
    "checkin" : "2018-01-01",
    "checkout" : "2019-01-01"
  }
}
 Response body => {
    "bookingid": 3413,
    "booking": {
        "firstname": "rest assured  by",
        "lastname": "testers talk",
        "totalprice": 1001,
        "depositpaid": true,
        "bookingdates": {
            "checkin": "2018-01-01",
            "checkout": "2019-01-01"
        },
        "additionalneeds": "super bowls"
    }
}
2024-03-28T12:17:38,544 [main] INFO  (BaseTest.java:39) - java.lang.AssertionError: expected [null] but found [rest assured  by]
	at org.testng.Assert.fail(Assert.java:99)
	at org.testng.Assert.failNotEquals(Assert.java:1037)
	at org.testng.Assert.assertEqualsImpl(Assert.java:140)
	at org.testng.Assert.assertEquals(Assert.java:122)
	at org.testng.Assert.assertEquals(Assert.java:629)
	at org.testng.Assert.assertEquals(Assert.java:639)
	at com.testautomation.apitesting.tests.EndToEndAPITest.e2eAPIRequest(EndToEndAPITest.java:82)
	at java.base/jdk.internal.reflect.DirectMethodHandleAccessor.invoke(DirectMethodHandleAccessor.java:103)
	at java.base/java.lang.reflect.Method.invoke(Method.java:580)
	at org.testng.internal.MethodInvocationHelper.invokeMethod(MethodInvocationHelper.java:133)
	at org.testng.internal.TestInvoker.invokeMethod(TestInvoker.java:598)
	at org.testng.internal.TestInvoker.invokeTestMethod(TestInvoker.java:173)
	at org.testng.internal.MethodRunner.runInSequence(MethodRunner.java:46)
	at org.testng.internal.TestInvoker$MethodInvocationAgent.invoke(TestInvoker.java:824)
	at org.testng.internal.TestInvoker.invokeTestMethods(TestInvoker.java:146)
	at org.testng.internal.TestMethodWorker.invokeTestMethods(TestMethodWorker.java:146)
	at org.testng.internal.TestMethodWorker.run(TestMethodWorker.java:128)
	at java.base/java.util.ArrayList.forEach(ArrayList.java:1596)
	at org.testng.TestRunner.privateRun(TestRunner.java:794)
	at org.testng.TestRunner.run(TestRunner.java:596)
	at org.testng.SuiteRunner.runTest(SuiteRunner.java:377)
	at org.testng.SuiteRunner.runSequentially(SuiteRunner.java:371)
	at org.testng.SuiteRunner.privateRun(SuiteRunner.java:332)
	at org.testng.SuiteRunner.run(SuiteRunner.java:276)
	at org.testng.SuiteRunnerWorker.runSuite(SuiteRunnerWorker.java:53)
	at org.testng.SuiteRunnerWorker.run(SuiteRunnerWorker.java:96)
	at org.testng.TestNG.runSuitesSequentially(TestNG.java:1212)
	at org.testng.TestNG.runSuitesLocally(TestNG.java:1134)
	at org.testng.TestNG.runSuites(TestNG.java:1063)
	at org.testng.TestNG.run(TestNG.java:1031)
	at org.testng.remote.AbstractRemoteTestNG.run(AbstractRemoteTestNG.java:115)
	at org.testng.remote.RemoteTestNG.initAndRun(RemoteTestNG.java:251)
	at org.testng.remote.RemoteTestNG.main(RemoteTestNG.java:77)

2024-03-28T12:22:02,459 [main] INFO  (EndToEndAPITest.java:35) - e2eAPIRequest test execution started...
2024-03-28T12:22:06,535 [main] INFO  (RestAssuredListener.java:23) - 
 Method =>POST
 URI => https://restful-booker.herokuapp.com/booking
 Request body => {
  "firstname" : "rest assured  by",
  "lastname" : "testers talk",
  "additionalneeds" : "super bowls",
  "totalprice" : 1001,
  "depositpaid" : true,
  "bookingdates" : {
    "checkin" : "2018-01-01",
    "checkout" : "2019-01-01"
  }
}
 Response body => {
    "bookingid": 595,
    "booking": {
        "firstname": "rest assured  by",
        "lastname": "testers talk",
        "totalprice": 1001,
        "depositpaid": true,
        "bookingdates": {
            "checkin": "2018-01-01",
            "checkout": "2019-01-01"
        },
        "additionalneeds": "super bowls"
    }
}
2024-03-28T12:22:06,678 [main] INFO  (BaseTest.java:39) - java.lang.AssertionError: expected [null] but found [rest assured  by]
	at org.testng.Assert.fail(Assert.java:99)
	at org.testng.Assert.failNotEquals(Assert.java:1037)
	at org.testng.Assert.assertEqualsImpl(Assert.java:140)
	at org.testng.Assert.assertEquals(Assert.java:122)
	at org.testng.Assert.assertEquals(Assert.java:629)
	at org.testng.Assert.assertEquals(Assert.java:639)
	at com.testautomation.apitesting.tests.EndToEndAPITest.e2eAPIRequest(EndToEndAPITest.java:82)
	at java.base/jdk.internal.reflect.DirectMethodHandleAccessor.invoke(DirectMethodHandleAccessor.java:103)
	at java.base/java.lang.reflect.Method.invoke(Method.java:580)
	at org.testng.internal.MethodInvocationHelper.invokeMethod(MethodInvocationHelper.java:133)
	at org.testng.internal.TestInvoker.invokeMethod(TestInvoker.java:598)
	at org.testng.internal.TestInvoker.invokeTestMethod(TestInvoker.java:173)
	at org.testng.internal.MethodRunner.runInSequence(MethodRunner.java:46)
	at org.testng.internal.TestInvoker$MethodInvocationAgent.invoke(TestInvoker.java:824)
	at org.testng.internal.TestInvoker.invokeTestMethods(TestInvoker.java:146)
	at org.testng.internal.TestMethodWorker.invokeTestMethods(TestMethodWorker.java:146)
	at org.testng.internal.TestMethodWorker.run(TestMethodWorker.java:128)
	at java.base/java.util.ArrayList.forEach(ArrayList.java:1596)
	at org.testng.TestRunner.privateRun(TestRunner.java:794)
	at org.testng.TestRunner.run(TestRunner.java:596)
	at org.testng.SuiteRunner.runTest(SuiteRunner.java:377)
	at org.testng.SuiteRunner.runSequentially(SuiteRunner.java:371)
	at org.testng.SuiteRunner.privateRun(SuiteRunner.java:332)
	at org.testng.SuiteRunner.run(SuiteRunner.java:276)
	at org.testng.SuiteRunnerWorker.runSuite(SuiteRunnerWorker.java:53)
	at org.testng.SuiteRunnerWorker.run(SuiteRunnerWorker.java:96)
	at org.testng.TestNG.runSuitesSequentially(TestNG.java:1212)
	at org.testng.TestNG.runSuitesLocally(TestNG.java:1134)
	at org.testng.TestNG.runSuites(TestNG.java:1063)
	at org.testng.TestNG.run(TestNG.java:1031)
	at org.testng.remote.AbstractRemoteTestNG.run(AbstractRemoteTestNG.java:115)
	at org.testng.remote.RemoteTestNG.initAndRun(RemoteTestNG.java:251)
	at org.testng.remote.RemoteTestNG.main(RemoteTestNG.java:77)

2024-03-28T12:23:29,216 [main] INFO  (EndToEndAPITest.java:35) - e2eAPIRequest test execution started...
2024-03-28T12:23:33,184 [main] INFO  (RestAssuredListener.java:23) - 
 Method =>POST
 URI => https://restful-booker.herokuapp.com/booking
 Request body => {
  "firstname" : "rest assured  by",
  "lastname" : "testers talk",
  "additionalneeds" : "super bowls",
  "totalprice" : 1001,
  "depositpaid" : true,
  "bookingdates" : {
    "checkin" : "2018-01-01",
    "checkout" : "2019-01-01"
  }
}
 Response body => {
    "bookingid": 1338,
    "booking": {
        "firstname": "rest assured  by",
        "lastname": "testers talk",
        "totalprice": 1001,
        "depositpaid": true,
        "bookingdates": {
            "checkin": "2018-01-01",
            "checkout": "2019-01-01"
        },
        "additionalneeds": "super bowls"
    }
}
2024-03-28T12:23:33,298 [main] INFO  (EndToEndAPITest.java:167) - e2eAPIRequest test execution ended...
2024-03-28T12:31:56,385 [main] INFO  (EndToEndAPITest.java:35) - e2eAPIRequest test execution started...
2024-03-28T12:32:00,374 [main] INFO  (RestAssuredListener.java:23) - 
 Method =>POST
 URI => https://restful-booker.herokuapp.com/booking
 Request body => {
  "firstname" : "rest assured  by",
  "lastname" : "testers talk",
  "additionalneeds" : "super bowls",
  "totalprice" : 1001,
  "depositpaid" : true,
  "bookingdates" : {
    "checkin" : "2018-01-01",
    "checkout" : "2019-01-01"
  }
}
 Response body => {
    "bookingid": 5684,
    "booking": {
        "firstname": "rest assured  by",
        "lastname": "testers talk",
        "totalprice": 1001,
        "depositpaid": true,
        "bookingdates": {
            "checkin": "2018-01-01",
            "checkout": "2019-01-01"
        },
        "additionalneeds": "super bowls"
    }
}
2024-03-28T12:32:00,483 [main] INFO  (EndToEndAPITest.java:166) - e2eAPIRequest test execution ended...
2024-03-28T12:33:04,668 [main] INFO  (EndToEndAPITest.java:35) - e2eAPIRequest test execution started...
2024-03-28T12:33:08,641 [main] INFO  (RestAssuredListener.java:23) - 
 Method =>POST
 URI => https://restful-booker.herokuapp.com/booking
 Request body => {
  "firstname" : "rest assured  by",
  "lastname" : "testers talk",
  "additionalneeds" : "super bowls",
  "totalprice" : 1001,
  "depositpaid" : true,
  "bookingdates" : {
    "checkin" : "2018-01-01",
    "checkout" : "2019-01-01"
  }
}
 Response body => {
    "bookingid": 519,
    "booking": {
        "firstname": "rest assured  by",
        "lastname": "testers talk",
        "totalprice": 1001,
        "depositpaid": true,
        "bookingdates": {
            "checkin": "2018-01-01",
            "checkout": "2019-01-01"
        },
        "additionalneeds": "super bowls"
    }
}
2024-03-28T12:33:08,772 [main] INFO  (EndToEndAPITest.java:164) - e2eAPIRequest test execution ended...
2024-03-28T12:38:20,468 [main] INFO  (EndToEndAPITest.java:30) - e2eAPIRequest test execution started...
2024-03-28T12:38:24,474 [main] INFO  (RestAssuredListener.java:23) - 
 Method =>POST
 URI => https://restful-booker.herokuapp.com/booking
 Request body => {
  "firstname" : "rest assured  by",
  "lastname" : "testers talk",
  "additionalneeds" : "super bowls",
  "totalprice" : 1001,
  "depositpaid" : true,
  "bookingdates" : {
    "checkin" : "2018-01-01",
    "checkout" : "2019-01-01"
  }
}
 Response body => {
    "bookingid": 3210,
    "booking": {
        "firstname": "rest assured  by",
        "lastname": "testers talk",
        "totalprice": 1001,
        "depositpaid": true,
        "bookingdates": {
            "checkin": "2018-01-01",
            "checkout": "2019-01-01"
        },
        "additionalneeds": "super bowls"
    }
}
2024-03-28T12:38:25,766 [main] INFO  (RestAssuredListener.java:23) - 
 Method =>GET
 URI => https://restful-booker.herokuapp.com/booking/3210
 Request body => null
 Response body => {
    "firstname": "rest assured  by",
    "lastname": "testers talk",
    "totalprice": 1001,
    "depositpaid": true,
    "bookingdates": {
        "checkin": "2018-01-01",
        "checkout": "2019-01-01"
    },
    "additionalneeds": "super bowls"
}
2024-03-28T12:38:25,813 [main] INFO  (BaseTest.java:39) - java.lang.AssertionError: expected [true] but found [false]
	at org.testng.Assert.fail(Assert.java:99)
	at org.testng.Assert.failNotEquals(Assert.java:1037)
	at org.testng.Assert.assertTrue(Assert.java:45)
	at org.testng.Assert.assertTrue(Assert.java:55)
	at com.testautomation.apitesting.tests.EndToEndAPITest.e2eAPIRequest(EndToEndAPITest.java:97)
	at java.base/jdk.internal.reflect.DirectMethodHandleAccessor.invoke(DirectMethodHandleAccessor.java:103)
	at java.base/java.lang.reflect.Method.invoke(Method.java:580)
	at org.testng.internal.MethodInvocationHelper.invokeMethod(MethodInvocationHelper.java:133)
	at org.testng.internal.TestInvoker.invokeMethod(TestInvoker.java:598)
	at org.testng.internal.TestInvoker.invokeTestMethod(TestInvoker.java:173)
	at org.testng.internal.MethodRunner.runInSequence(MethodRunner.java:46)
	at org.testng.internal.TestInvoker$MethodInvocationAgent.invoke(TestInvoker.java:824)
	at org.testng.internal.TestInvoker.invokeTestMethods(TestInvoker.java:146)
	at org.testng.internal.TestMethodWorker.invokeTestMethods(TestMethodWorker.java:146)
	at org.testng.internal.TestMethodWorker.run(TestMethodWorker.java:128)
	at java.base/java.util.ArrayList.forEach(ArrayList.java:1596)
	at org.testng.TestRunner.privateRun(TestRunner.java:794)
	at org.testng.TestRunner.run(TestRunner.java:596)
	at org.testng.SuiteRunner.runTest(SuiteRunner.java:377)
	at org.testng.SuiteRunner.runSequentially(SuiteRunner.java:371)
	at org.testng.SuiteRunner.privateRun(SuiteRunner.java:332)
	at org.testng.SuiteRunner.run(SuiteRunner.java:276)
	at org.testng.SuiteRunnerWorker.runSuite(SuiteRunnerWorker.java:53)
	at org.testng.SuiteRunnerWorker.run(SuiteRunnerWorker.java:96)
	at org.testng.TestNG.runSuitesSequentially(TestNG.java:1212)
	at org.testng.TestNG.runSuitesLocally(TestNG.java:1134)
	at org.testng.TestNG.runSuites(TestNG.java:1063)
	at org.testng.TestNG.run(TestNG.java:1031)
	at org.testng.remote.AbstractRemoteTestNG.run(AbstractRemoteTestNG.java:115)
	at org.testng.remote.RemoteTestNG.initAndRun(RemoteTestNG.java:251)
	at org.testng.remote.RemoteTestNG.main(RemoteTestNG.java:77)

2024-03-28T12:41:12,778 [main] INFO  (EndToEndAPITest.java:30) - e2eAPIRequest test execution started...
2024-03-28T12:41:16,839 [main] INFO  (RestAssuredListener.java:23) - 
 Method =>POST
 URI => https://restful-booker.herokuapp.com/booking
 Request body => {
  "firstname" : "rest assured  by",
  "lastname" : "testers talk",
  "additionalneeds" : "super bowls",
  "totalprice" : 1001,
  "depositpaid" : true,
  "bookingdates" : {
    "checkin" : "2018-01-01",
    "checkout" : "2019-01-01"
  }
}
 Response body => {
    "bookingid": 245,
    "booking": {
        "firstname": "rest assured  by",
        "lastname": "testers talk",
        "totalprice": 1001,
        "depositpaid": true,
        "bookingdates": {
            "checkin": "2018-01-01",
            "checkout": "2019-01-01"
        },
        "additionalneeds": "super bowls"
    }
}
2024-03-28T12:41:18,151 [main] INFO  (RestAssuredListener.java:23) - 
 Method =>GET
 URI => https://restful-booker.herokuapp.com/booking/245
 Request body => null
 Response body => {
    "firstname": "rest assured  by",
    "lastname": "testers talk",
    "totalprice": 1001,
    "depositpaid": true,
    "bookingdates": {
        "checkin": "2018-01-01",
        "checkout": "2019-01-01"
    },
    "additionalneeds": "super bowls"
}
2024-03-28T12:41:18,189 [main] INFO  (BaseTest.java:39) - java.lang.AssertionError: expected [true] but found [false]
	at org.testng.Assert.fail(Assert.java:99)
	at org.testng.Assert.failNotEquals(Assert.java:1037)
	at org.testng.Assert.assertTrue(Assert.java:45)
	at org.testng.Assert.assertTrue(Assert.java:55)
	at com.testautomation.apitesting.tests.EndToEndAPITest.e2eAPIRequest(EndToEndAPITest.java:97)
	at java.base/jdk.internal.reflect.DirectMethodHandleAccessor.invoke(DirectMethodHandleAccessor.java:103)
	at java.base/java.lang.reflect.Method.invoke(Method.java:580)
	at org.testng.internal.MethodInvocationHelper.invokeMethod(MethodInvocationHelper.java:133)
	at org.testng.internal.TestInvoker.invokeMethod(TestInvoker.java:598)
	at org.testng.internal.TestInvoker.invokeTestMethod(TestInvoker.java:173)
	at org.testng.internal.MethodRunner.runInSequence(MethodRunner.java:46)
	at org.testng.internal.TestInvoker$MethodInvocationAgent.invoke(TestInvoker.java:824)
	at org.testng.internal.TestInvoker.invokeTestMethods(TestInvoker.java:146)
	at org.testng.internal.TestMethodWorker.invokeTestMethods(TestMethodWorker.java:146)
	at org.testng.internal.TestMethodWorker.run(TestMethodWorker.java:128)
	at java.base/java.util.ArrayList.forEach(ArrayList.java:1596)
	at org.testng.TestRunner.privateRun(TestRunner.java:794)
	at org.testng.TestRunner.run(TestRunner.java:596)
	at org.testng.SuiteRunner.runTest(SuiteRunner.java:377)
	at org.testng.SuiteRunner.runSequentially(SuiteRunner.java:371)
	at org.testng.SuiteRunner.privateRun(SuiteRunner.java:332)
	at org.testng.SuiteRunner.run(SuiteRunner.java:276)
	at org.testng.SuiteRunnerWorker.runSuite(SuiteRunnerWorker.java:53)
	at org.testng.SuiteRunnerWorker.run(SuiteRunnerWorker.java:96)
	at org.testng.TestNG.runSuitesSequentially(TestNG.java:1212)
	at org.testng.TestNG.runSuitesLocally(TestNG.java:1134)
	at org.testng.TestNG.runSuites(TestNG.java:1063)
	at org.testng.TestNG.run(TestNG.java:1031)
	at org.testng.remote.AbstractRemoteTestNG.run(AbstractRemoteTestNG.java:115)
	at org.testng.remote.RemoteTestNG.initAndRun(RemoteTestNG.java:251)
	at org.testng.remote.RemoteTestNG.main(RemoteTestNG.java:77)

2024-03-28T12:42:05,145 [main] INFO  (EndToEndAPITest.java:30) - e2eAPIRequest test execution started...
2024-03-28T12:42:09,181 [main] INFO  (RestAssuredListener.java:23) - 
 Method =>POST
 URI => https://restful-booker.herokuapp.com/booking
 Request body => {
  "firstname" : "rest assured  by",
  "lastname" : "testers talk",
  "additionalneeds" : "super bowls",
  "totalprice" : 1001,
  "depositpaid" : true,
  "bookingdates" : {
    "checkin" : "2018-01-01",
    "checkout" : "2019-01-01"
  }
}
 Response body => {
    "bookingid": 697,
    "booking": {
        "firstname": "rest assured  by",
        "lastname": "testers talk",
        "totalprice": 1001,
        "depositpaid": true,
        "bookingdates": {
            "checkin": "2018-01-01",
            "checkout": "2019-01-01"
        },
        "additionalneeds": "super bowls"
    }
}
2024-03-28T12:42:10,542 [main] INFO  (RestAssuredListener.java:23) - 
 Method =>GET
 URI => https://restful-booker.herokuapp.com/booking/697
 Request body => null
 Response body => {
    "firstname": "rest assured  by",
    "lastname": "testers talk",
    "totalprice": 1001,
    "depositpaid": true,
    "bookingdates": {
        "checkin": "2018-01-01",
        "checkout": "2019-01-01"
    },
    "additionalneeds": "super bowls"
}
2024-03-28T12:42:10,582 [main] INFO  (BaseTest.java:39) - java.lang.AssertionError: expected [true] but found [false]
	at org.testng.Assert.fail(Assert.java:99)
	at org.testng.Assert.failNotEquals(Assert.java:1037)
	at org.testng.Assert.assertTrue(Assert.java:45)
	at org.testng.Assert.assertTrue(Assert.java:55)
	at com.testautomation.apitesting.tests.EndToEndAPITest.e2eAPIRequest(EndToEndAPITest.java:97)
	at java.base/jdk.internal.reflect.DirectMethodHandleAccessor.invoke(DirectMethodHandleAccessor.java:103)
	at java.base/java.lang.reflect.Method.invoke(Method.java:580)
	at org.testng.internal.MethodInvocationHelper.invokeMethod(MethodInvocationHelper.java:133)
	at org.testng.internal.TestInvoker.invokeMethod(TestInvoker.java:598)
	at org.testng.internal.TestInvoker.invokeTestMethod(TestInvoker.java:173)
	at org.testng.internal.MethodRunner.runInSequence(MethodRunner.java:46)
	at org.testng.internal.TestInvoker$MethodInvocationAgent.invoke(TestInvoker.java:824)
	at org.testng.internal.TestInvoker.invokeTestMethods(TestInvoker.java:146)
	at org.testng.internal.TestMethodWorker.invokeTestMethods(TestMethodWorker.java:146)
	at org.testng.internal.TestMethodWorker.run(TestMethodWorker.java:128)
	at java.base/java.util.ArrayList.forEach(ArrayList.java:1596)
	at org.testng.TestRunner.privateRun(TestRunner.java:794)
	at org.testng.TestRunner.run(TestRunner.java:596)
	at org.testng.SuiteRunner.runTest(SuiteRunner.java:377)
	at org.testng.SuiteRunner.runSequentially(SuiteRunner.java:371)
	at org.testng.SuiteRunner.privateRun(SuiteRunner.java:332)
	at org.testng.SuiteRunner.run(SuiteRunner.java:276)
	at org.testng.SuiteRunnerWorker.runSuite(SuiteRunnerWorker.java:53)
	at org.testng.SuiteRunnerWorker.run(SuiteRunnerWorker.java:96)
	at org.testng.TestNG.runSuitesSequentially(TestNG.java:1212)
	at org.testng.TestNG.runSuitesLocally(TestNG.java:1134)
	at org.testng.TestNG.runSuites(TestNG.java:1063)
	at org.testng.TestNG.run(TestNG.java:1031)
	at org.testng.remote.AbstractRemoteTestNG.run(AbstractRemoteTestNG.java:115)
	at org.testng.remote.RemoteTestNG.initAndRun(RemoteTestNG.java:251)
	at org.testng.remote.RemoteTestNG.main(RemoteTestNG.java:77)

2024-03-28T12:48:20,700 [main] INFO  (EndToEndAPITest.java:30) - e2eAPIRequest test execution started...
2024-03-28T12:48:24,756 [main] INFO  (RestAssuredListener.java:23) - 
 Method =>POST
 URI => https://restful-booker.herokuapp.com/booking
 Request body => {
  "firstname" : "rest assured  by",
  "lastname" : "testers talk",
  "additionalneeds" : "super bowls",
  "totalprice" : 1001,
  "depositpaid" : true,
  "bookingdates" : {
    "checkin" : "2018-01-01",
    "checkout" : "2019-01-01"
  }
}
 Response body => {
    "bookingid": 3881,
    "booking": {
        "firstname": "rest assured  by",
        "lastname": "testers talk",
        "totalprice": 1001,
        "depositpaid": true,
        "bookingdates": {
            "checkin": "2018-01-01",
            "checkout": "2019-01-01"
        },
        "additionalneeds": "super bowls"
    }
}
2024-03-28T12:48:26,071 [main] INFO  (RestAssuredListener.java:23) - 
 Method =>GET
 URI => https://restful-booker.herokuapp.com/booking/3881
 Request body => null
 Response body => {
    "firstname": "rest assured  by",
    "lastname": "testers talk",
    "totalprice": 1001,
    "depositpaid": true,
    "bookingdates": {
        "checkin": "2018-01-01",
        "checkout": "2019-01-01"
    },
    "additionalneeds": "super bowls"
}
2024-03-28T12:48:26,086 [main] INFO  (EndToEndAPITest.java:165) - e2eAPIRequest test execution ended...
2024-03-28T13:19:24,776 [main] INFO  (EndToEndAPITest.java:36) - e2eAPIRequest test execution started...
2024-03-28T13:19:25,281 [main] INFO  (BaseTest.java:39) - java.nio.charset.UnsupportedCharsetException: UFT-8
	at java.base/java.nio.charset.Charset.forName(Charset.java:543)
	at org.apache.commons.io.Charsets.toCharset(Charsets.java:111)
	at org.apache.commons.io.FileUtils.readFileToString(FileUtils.java:2526)
	at com.testautomation.apitesting.tests.EndToEndAPITest.e2eAPIRequest(EndToEndAPITest.java:66)
	at java.base/jdk.internal.reflect.DirectMethodHandleAccessor.invoke(DirectMethodHandleAccessor.java:103)
	at java.base/java.lang.reflect.Method.invoke(Method.java:580)
	at org.testng.internal.MethodInvocationHelper.invokeMethod(MethodInvocationHelper.java:133)
	at org.testng.internal.TestInvoker.invokeMethod(TestInvoker.java:598)
	at org.testng.internal.TestInvoker.invokeTestMethod(TestInvoker.java:173)
	at org.testng.internal.MethodRunner.runInSequence(MethodRunner.java:46)
	at org.testng.internal.TestInvoker$MethodInvocationAgent.invoke(TestInvoker.java:824)
	at org.testng.internal.TestInvoker.invokeTestMethods(TestInvoker.java:146)
	at org.testng.internal.TestMethodWorker.invokeTestMethods(TestMethodWorker.java:146)
	at org.testng.internal.TestMethodWorker.run(TestMethodWorker.java:128)
	at java.base/java.util.ArrayList.forEach(ArrayList.java:1596)
	at org.testng.TestRunner.privateRun(TestRunner.java:794)
	at org.testng.TestRunner.run(TestRunner.java:596)
	at org.testng.SuiteRunner.runTest(SuiteRunner.java:377)
	at org.testng.SuiteRunner.runSequentially(SuiteRunner.java:371)
	at org.testng.SuiteRunner.privateRun(SuiteRunner.java:332)
	at org.testng.SuiteRunner.run(SuiteRunner.java:276)
	at org.testng.SuiteRunnerWorker.runSuite(SuiteRunnerWorker.java:53)
	at org.testng.SuiteRunnerWorker.run(SuiteRunnerWorker.java:96)
	at org.testng.TestNG.runSuitesSequentially(TestNG.java:1212)
	at org.testng.TestNG.runSuitesLocally(TestNG.java:1134)
	at org.testng.TestNG.runSuites(TestNG.java:1063)
	at org.testng.TestNG.run(TestNG.java:1031)
	at org.testng.remote.AbstractRemoteTestNG.run(AbstractRemoteTestNG.java:115)
	at org.testng.remote.RemoteTestNG.initAndRun(RemoteTestNG.java:251)
	at org.testng.remote.RemoteTestNG.main(RemoteTestNG.java:77)

2024-03-28T13:19:59,337 [main] INFO  (EndToEndAPITest.java:36) - e2eAPIRequest test execution started...
2024-03-28T13:20:03,885 [main] INFO  (RestAssuredListener.java:23) - 
 Method =>POST
 URI => https://restful-booker.herokuapp.com/booking
 Request body => {
  "firstname" : "rest assured  by",
  "lastname" : "testers talk",
  "additionalneeds" : "super bowls",
  "totalprice" : 1001,
  "depositpaid" : true,
  "bookingdates" : {
    "checkin" : "2018-01-01",
    "checkout" : "2019-01-01"
  }
}
 Response body => {
    "bookingid": 4658,
    "booking": {
        "firstname": "rest assured  by",
        "lastname": "testers talk",
        "totalprice": 1001,
        "depositpaid": true,
        "bookingdates": {
            "checkin": "2018-01-01",
            "checkout": "2019-01-01"
        },
        "additionalneeds": "super bowls"
    }
}
2024-03-28T13:20:05,225 [main] INFO  (RestAssuredListener.java:23) - 
 Method =>GET
 URI => https://restful-booker.herokuapp.com/booking/4658
 Request body => null
 Response body => {
    "firstname": "rest assured  by",
    "lastname": "testers talk",
    "totalprice": 1001,
    "depositpaid": true,
    "bookingdates": {
        "checkin": "2018-01-01",
        "checkout": "2019-01-01"
    },
    "additionalneeds": "super bowls"
}
2024-03-28T13:20:05,671 [main] INFO  (BaseTest.java:39) - java.lang.AssertionError: 1 expectation failed.
Response body doesn't match expectation.
Expected: The content to match the given JSON schema.
error: instance type (string) does not match any allowed primitive type (allowed: ["integer"])
    level: "error"
    schema: {"loadingURI":"#","pointer":"/properties/firstname"}
    instance: {"pointer":"/firstname"}
    domain: "validation"
    keyword: "type"
    found: "string"
    expected: ["integer"]

  Actual: {"firstname":"rest assured  by","lastname":"testers talk","totalprice":1001,"depositpaid":true,"bookingdates":{"checkin":"2018-01-01","checkout":"2019-01-01"},"additionalneeds":"super bowls"}

	at java.base/jdk.internal.reflect.DirectConstructorHandleAccessor.newInstance(DirectConstructorHandleAccessor.java:62)
	at java.base/java.lang.reflect.Constructor.newInstanceWithCaller(Constructor.java:502)
	at java.base/java.lang.reflect.Constructor.newInstance(Constructor.java:486)
	at org.codehaus.groovy.reflection.CachedConstructor.invoke(CachedConstructor.java:73)
	at org.codehaus.groovy.runtime.callsite.ConstructorSite$ConstructorSiteNoUnwrapNoCoerce.callConstructor(ConstructorSite.java:108)
	at org.codehaus.groovy.runtime.callsite.CallSiteArray.defaultCallConstructor(CallSiteArray.java:57)
	at org.codehaus.groovy.runtime.callsite.AbstractCallSite.callConstructor(AbstractCallSite.java:263)
	at org.codehaus.groovy.runtime.callsite.AbstractCallSite.callConstructor(AbstractCallSite.java:277)
	at io.restassured.internal.ResponseSpecificationImpl$HamcrestAssertionClosure.validate(ResponseSpecificationImpl.groovy:512)
	at io.restassured.internal.ResponseSpecificationImpl$HamcrestAssertionClosure$validate$1.call(Unknown Source)
	at io.restassured.internal.ResponseSpecificationImpl.validateResponseIfRequired(ResponseSpecificationImpl.groovy:696)
	at io.restassured.internal.ResponseSpecificationImpl.this$2$validateResponseIfRequired(ResponseSpecificationImpl.groovy)
	at java.base/jdk.internal.reflect.DirectMethodHandleAccessor.invoke(DirectMethodHandleAccessor.java:103)
	at java.base/java.lang.reflect.Method.invoke(Method.java:580)
	at org.codehaus.groovy.runtime.callsite.PlainObjectMetaMethodSite.doInvoke(PlainObjectMetaMethodSite.java:43)
	at org.codehaus.groovy.runtime.callsite.PogoMetaMethodSite$PogoCachedMethodSiteNoUnwrapNoCoerce.invoke(PogoMetaMethodSite.java:198)
	at org.codehaus.groovy.runtime.callsite.PogoMetaMethodSite.callCurrent(PogoMetaMethodSite.java:62)
	at org.codehaus.groovy.runtime.callsite.CallSiteArray.defaultCallCurrent(CallSiteArray.java:49)
	at org.codehaus.groovy.runtime.callsite.AbstractCallSite.callCurrent(AbstractCallSite.java:171)
	at org.codehaus.groovy.runtime.callsite.AbstractCallSite.callCurrent(AbstractCallSite.java:185)
	at io.restassured.internal.ResponseSpecificationImpl.body(ResponseSpecificationImpl.groovy:107)
	at io.restassured.internal.ValidatableResponseOptionsImpl.body(ValidatableResponseOptionsImpl.java:238)
	at com.testautomation.apitesting.tests.EndToEndAPITest.e2eAPIRequest(EndToEndAPITest.java:109)
	at java.base/jdk.internal.reflect.DirectMethodHandleAccessor.invoke(DirectMethodHandleAccessor.java:103)
	at java.base/java.lang.reflect.Method.invoke(Method.java:580)
	at org.testng.internal.MethodInvocationHelper.invokeMethod(MethodInvocationHelper.java:133)
	at org.testng.internal.TestInvoker.invokeMethod(TestInvoker.java:598)
	at org.testng.internal.TestInvoker.invokeTestMethod(TestInvoker.java:173)
	at org.testng.internal.MethodRunner.runInSequence(MethodRunner.java:46)
	at org.testng.internal.TestInvoker$MethodInvocationAgent.invoke(TestInvoker.java:824)
	at org.testng.internal.TestInvoker.invokeTestMethods(TestInvoker.java:146)
	at org.testng.internal.TestMethodWorker.invokeTestMethods(TestMethodWorker.java:146)
	at org.testng.internal.TestMethodWorker.run(TestMethodWorker.java:128)
	at java.base/java.util.ArrayList.forEach(ArrayList.java:1596)
	at org.testng.TestRunner.privateRun(TestRunner.java:794)
	at org.testng.TestRunner.run(TestRunner.java:596)
	at org.testng.SuiteRunner.runTest(SuiteRunner.java:377)
	at org.testng.SuiteRunner.runSequentially(SuiteRunner.java:371)
	at org.testng.SuiteRunner.privateRun(SuiteRunner.java:332)
	at org.testng.SuiteRunner.run(SuiteRunner.java:276)
	at org.testng.SuiteRunnerWorker.runSuite(SuiteRunnerWorker.java:53)
	at org.testng.SuiteRunnerWorker.run(SuiteRunnerWorker.java:96)
	at org.testng.TestNG.runSuitesSequentially(TestNG.java:1212)
	at org.testng.TestNG.runSuitesLocally(TestNG.java:1134)
	at org.testng.TestNG.runSuites(TestNG.java:1063)
	at org.testng.TestNG.run(TestNG.java:1031)
	at org.testng.remote.AbstractRemoteTestNG.run(AbstractRemoteTestNG.java:115)
	at org.testng.remote.RemoteTestNG.initAndRun(RemoteTestNG.java:251)
	at org.testng.remote.RemoteTestNG.main(RemoteTestNG.java:77)

2024-03-28T13:22:19,625 [main] INFO  (EndToEndAPITest.java:36) - e2eAPIRequest test execution started...
2024-03-28T13:22:23,611 [main] INFO  (RestAssuredListener.java:23) - 
 Method =>POST
 URI => https://restful-booker.herokuapp.com/booking
 Request body => {
  "firstname" : "rest assured  by",
  "lastname" : "testers talk",
  "additionalneeds" : "super bowls",
  "totalprice" : 1001,
  "depositpaid" : true,
  "bookingdates" : {
    "checkin" : "2018-01-01",
    "checkout" : "2019-01-01"
  }
}
 Response body => {
    "bookingid": 720,
    "booking": {
        "firstname": "rest assured  by",
        "lastname": "testers talk",
        "totalprice": 1001,
        "depositpaid": true,
        "bookingdates": {
            "checkin": "2018-01-01",
            "checkout": "2019-01-01"
        },
        "additionalneeds": "super bowls"
    }
}
2024-03-28T13:22:24,966 [main] INFO  (RestAssuredListener.java:23) - 
 Method =>GET
 URI => https://restful-booker.herokuapp.com/booking/720
 Request body => null
 Response body => {
    "firstname": "rest assured  by",
    "lastname": "testers talk",
    "totalprice": 1001,
    "depositpaid": true,
    "bookingdates": {
        "checkin": "2018-01-01",
        "checkout": "2019-01-01"
    },
    "additionalneeds": "super bowls"
}
2024-03-28T13:22:26,449 [main] INFO  (RestAssuredListener.java:23) - 
 Method =>POST
 URI => https://restful-booker.herokuapp.com/auth
 Request body => {
    "username":"admin",
    "password":"password123"

}
 Response body => {
    "token": "2c71f609176dc13"
}
2024-03-28T13:22:26,452 [main] INFO  (EndToEndAPITest.java:181) - e2eAPIRequest test execution ended...
2024-03-28T13:22:54,008 [main] INFO  (EndToEndAPITest.java:36) - e2eAPIRequest test execution started...
2024-03-28T13:22:57,965 [main] INFO  (RestAssuredListener.java:23) - 
 Method =>POST
 URI => https://restful-booker.herokuapp.com/booking
 Request body => {
  "firstname" : "api testing by",
  "lastname" : "testers talk",
  "additionalneeds" : "super bowls",
  "totalprice" : 1000,
  "depositpaid" : true,
  "bookingdates" : {
    "checkin" : "2018-01-01",
    "checkout" : "2019-01-01"
  }
}
 Response body => {
    "bookingid": 1017,
    "booking": {
        "firstname": "api testing by",
        "lastname": "testers talk",
        "totalprice": 1000,
        "depositpaid": true,
        "bookingdates": {
            "checkin": "2018-01-01",
            "checkout": "2019-01-01"
        },
        "additionalneeds": "super bowls"
    }
}
2024-03-28T13:22:59,277 [main] INFO  (RestAssuredListener.java:23) - 
 Method =>GET
 URI => https://restful-booker.herokuapp.com/booking/1017
 Request body => null
 Response body => {
    "firstname": "api testing by",
    "lastname": "testers talk",
    "totalprice": 1000,
    "depositpaid": true,
    "bookingdates": {
        "checkin": "2018-01-01",
        "checkout": "2019-01-01"
    },
    "additionalneeds": "super bowls"
}
2024-03-28T13:22:59,671 [main] INFO  (BaseTest.java:39) - java.lang.AssertionError: 1 expectation failed.
Response body doesn't match expectation.
Expected: The content to match the given JSON schema.
error: instance type (string) does not match any allowed primitive type (allowed: ["integer"])
    level: "error"
    schema: {"loadingURI":"#","pointer":"/properties/firstname"}
    instance: {"pointer":"/firstname"}
    domain: "validation"
    keyword: "type"
    found: "string"
    expected: ["integer"]

  Actual: {"firstname":"api testing by","lastname":"testers talk","totalprice":1000,"depositpaid":true,"bookingdates":{"checkin":"2018-01-01","checkout":"2019-01-01"},"additionalneeds":"super bowls"}

	at java.base/jdk.internal.reflect.DirectConstructorHandleAccessor.newInstance(DirectConstructorHandleAccessor.java:62)
	at java.base/java.lang.reflect.Constructor.newInstanceWithCaller(Constructor.java:502)
	at java.base/java.lang.reflect.Constructor.newInstance(Constructor.java:486)
	at org.codehaus.groovy.reflection.CachedConstructor.invoke(CachedConstructor.java:73)
	at org.codehaus.groovy.runtime.callsite.ConstructorSite$ConstructorSiteNoUnwrapNoCoerce.callConstructor(ConstructorSite.java:108)
	at org.codehaus.groovy.runtime.callsite.CallSiteArray.defaultCallConstructor(CallSiteArray.java:57)
	at org.codehaus.groovy.runtime.callsite.AbstractCallSite.callConstructor(AbstractCallSite.java:263)
	at org.codehaus.groovy.runtime.callsite.AbstractCallSite.callConstructor(AbstractCallSite.java:277)
	at io.restassured.internal.ResponseSpecificationImpl$HamcrestAssertionClosure.validate(ResponseSpecificationImpl.groovy:512)
	at io.restassured.internal.ResponseSpecificationImpl$HamcrestAssertionClosure$validate$1.call(Unknown Source)
	at io.restassured.internal.ResponseSpecificationImpl.validateResponseIfRequired(ResponseSpecificationImpl.groovy:696)
	at io.restassured.internal.ResponseSpecificationImpl.this$2$validateResponseIfRequired(ResponseSpecificationImpl.groovy)
	at java.base/jdk.internal.reflect.DirectMethodHandleAccessor.invoke(DirectMethodHandleAccessor.java:103)
	at java.base/java.lang.reflect.Method.invoke(Method.java:580)
	at org.codehaus.groovy.runtime.callsite.PlainObjectMetaMethodSite.doInvoke(PlainObjectMetaMethodSite.java:43)
	at org.codehaus.groovy.runtime.callsite.PogoMetaMethodSite$PogoCachedMethodSiteNoUnwrapNoCoerce.invoke(PogoMetaMethodSite.java:198)
	at org.codehaus.groovy.runtime.callsite.PogoMetaMethodSite.callCurrent(PogoMetaMethodSite.java:62)
	at org.codehaus.groovy.runtime.callsite.CallSiteArray.defaultCallCurrent(CallSiteArray.java:49)
	at org.codehaus.groovy.runtime.callsite.AbstractCallSite.callCurrent(AbstractCallSite.java:171)
	at org.codehaus.groovy.runtime.callsite.AbstractCallSite.callCurrent(AbstractCallSite.java:185)
	at io.restassured.internal.ResponseSpecificationImpl.body(ResponseSpecificationImpl.groovy:107)
	at io.restassured.internal.ValidatableResponseOptionsImpl.body(ValidatableResponseOptionsImpl.java:238)
	at com.testautomation.apitesting.tests.EndToEndAPITest.e2eAPIRequest(EndToEndAPITest.java:109)
	at java.base/jdk.internal.reflect.DirectMethodHandleAccessor.invoke(DirectMethodHandleAccessor.java:103)
	at java.base/java.lang.reflect.Method.invoke(Method.java:580)
	at org.testng.internal.MethodInvocationHelper.invokeMethod(MethodInvocationHelper.java:133)
	at org.testng.internal.TestInvoker.invokeMethod(TestInvoker.java:598)
	at org.testng.internal.TestInvoker.invokeTestMethod(TestInvoker.java:173)
	at org.testng.internal.MethodRunner.runInSequence(MethodRunner.java:46)
	at org.testng.internal.TestInvoker$MethodInvocationAgent.invoke(TestInvoker.java:824)
	at org.testng.internal.TestInvoker.invokeTestMethods(TestInvoker.java:146)
	at org.testng.internal.TestMethodWorker.invokeTestMethods(TestMethodWorker.java:146)
	at org.testng.internal.TestMethodWorker.run(TestMethodWorker.java:128)
	at java.base/java.util.ArrayList.forEach(ArrayList.java:1596)
	at org.testng.TestRunner.privateRun(TestRunner.java:794)
	at org.testng.TestRunner.run(TestRunner.java:596)
	at org.testng.SuiteRunner.runTest(SuiteRunner.java:377)
	at org.testng.SuiteRunner.runSequentially(SuiteRunner.java:371)
	at org.testng.SuiteRunner.privateRun(SuiteRunner.java:332)
	at org.testng.SuiteRunner.run(SuiteRunner.java:276)
	at org.testng.SuiteRunnerWorker.runSuite(SuiteRunnerWorker.java:53)
	at org.testng.SuiteRunnerWorker.run(SuiteRunnerWorker.java:96)
	at org.testng.TestNG.runSuitesSequentially(TestNG.java:1212)
	at org.testng.TestNG.runSuitesLocally(TestNG.java:1134)
	at org.testng.TestNG.runSuites(TestNG.java:1063)
	at org.testng.TestNG.run(TestNG.java:1031)
	at org.testng.remote.AbstractRemoteTestNG.run(AbstractRemoteTestNG.java:115)
	at org.testng.remote.RemoteTestNG.initAndRun(RemoteTestNG.java:251)
	at org.testng.remote.RemoteTestNG.main(RemoteTestNG.java:77)

2024-03-28T13:22:59,686 [main] INFO  (EndToEndAPITest.java:36) - e2eAPIRequest test execution started...
2024-03-28T13:23:00,828 [main] INFO  (RestAssuredListener.java:23) - 
 Method =>POST
 URI => https://restful-booker.herokuapp.com/booking
 Request body => {
  "firstname" : "rest assured  by",
  "lastname" : "testers talk",
  "additionalneeds" : "super bowls",
  "totalprice" : 1001,
  "depositpaid" : true,
  "bookingdates" : {
    "checkin" : "2018-01-01",
    "checkout" : "2019-01-01"
  }
}
 Response body => {
    "bookingid": 1042,
    "booking": {
        "firstname": "rest assured  by",
        "lastname": "testers talk",
        "totalprice": 1001,
        "depositpaid": true,
        "bookingdates": {
            "checkin": "2018-01-01",
            "checkout": "2019-01-01"
        },
        "additionalneeds": "super bowls"
    }
}
2024-03-28T13:23:02,021 [main] INFO  (RestAssuredListener.java:23) - 
 Method =>GET
 URI => https://restful-booker.herokuapp.com/booking/1042
 Request body => null
 Response body => {
    "firstname": "rest assured  by",
    "lastname": "testers talk",
    "totalprice": 1001,
    "depositpaid": true,
    "bookingdates": {
        "checkin": "2018-01-01",
        "checkout": "2019-01-01"
    },
    "additionalneeds": "super bowls"
}
2024-03-28T13:23:02,042 [main] INFO  (BaseTest.java:39) - java.lang.AssertionError: 1 expectation failed.
Response body doesn't match expectation.
Expected: The content to match the given JSON schema.
error: instance type (string) does not match any allowed primitive type (allowed: ["integer"])
    level: "error"
    schema: {"loadingURI":"#","pointer":"/properties/firstname"}
    instance: {"pointer":"/firstname"}
    domain: "validation"
    keyword: "type"
    found: "string"
    expected: ["integer"]

  Actual: {"firstname":"rest assured  by","lastname":"testers talk","totalprice":1001,"depositpaid":true,"bookingdates":{"checkin":"2018-01-01","checkout":"2019-01-01"},"additionalneeds":"super bowls"}

	at java.base/jdk.internal.reflect.DirectConstructorHandleAccessor.newInstance(DirectConstructorHandleAccessor.java:62)
	at java.base/java.lang.reflect.Constructor.newInstanceWithCaller(Constructor.java:502)
	at java.base/java.lang.reflect.Constructor.newInstance(Constructor.java:486)
	at org.codehaus.groovy.reflection.CachedConstructor.invoke(CachedConstructor.java:73)
	at org.codehaus.groovy.runtime.callsite.ConstructorSite$ConstructorSiteNoUnwrapNoCoerce.callConstructor(ConstructorSite.java:108)
	at org.codehaus.groovy.runtime.callsite.AbstractCallSite.callConstructor(AbstractCallSite.java:277)
	at io.restassured.internal.ResponseSpecificationImpl$HamcrestAssertionClosure.validate(ResponseSpecificationImpl.groovy:512)
	at io.restassured.internal.ResponseSpecificationImpl$HamcrestAssertionClosure$validate$1.call(Unknown Source)
	at io.restassured.internal.ResponseSpecificationImpl.validateResponseIfRequired(ResponseSpecificationImpl.groovy:696)
	at io.restassured.internal.ResponseSpecificationImpl.this$2$validateResponseIfRequired(ResponseSpecificationImpl.groovy)
	at java.base/jdk.internal.reflect.DirectMethodHandleAccessor.invoke(DirectMethodHandleAccessor.java:103)
	at java.base/java.lang.reflect.Method.invoke(Method.java:580)
	at org.codehaus.groovy.runtime.callsite.PlainObjectMetaMethodSite.doInvoke(PlainObjectMetaMethodSite.java:43)
	at org.codehaus.groovy.runtime.callsite.PogoMetaMethodSite$PogoCachedMethodSiteNoUnwrapNoCoerce.invoke(PogoMetaMethodSite.java:198)
	at org.codehaus.groovy.runtime.callsite.PogoMetaMethodSite.callCurrent(PogoMetaMethodSite.java:62)
	at org.codehaus.groovy.runtime.callsite.AbstractCallSite.callCurrent(AbstractCallSite.java:185)
	at io.restassured.internal.ResponseSpecificationImpl.body(ResponseSpecificationImpl.groovy:107)
	at io.restassured.internal.ValidatableResponseOptionsImpl.body(ValidatableResponseOptionsImpl.java:238)
	at com.testautomation.apitesting.tests.EndToEndAPITest.e2eAPIRequest(EndToEndAPITest.java:109)
	at java.base/jdk.internal.reflect.DirectMethodHandleAccessor.invoke(DirectMethodHandleAccessor.java:103)
	at java.base/java.lang.reflect.Method.invoke(Method.java:580)
	at org.testng.internal.MethodInvocationHelper.invokeMethod(MethodInvocationHelper.java:133)
	at org.testng.internal.TestInvoker.invokeMethod(TestInvoker.java:598)
	at org.testng.internal.TestInvoker.invokeTestMethod(TestInvoker.java:173)
	at org.testng.internal.MethodRunner.runInSequence(MethodRunner.java:46)
	at org.testng.internal.TestInvoker$MethodInvocationAgent.invoke(TestInvoker.java:824)
	at org.testng.internal.TestInvoker.invokeTestMethods(TestInvoker.java:146)
	at org.testng.internal.TestMethodWorker.invokeTestMethods(TestMethodWorker.java:146)
	at org.testng.internal.TestMethodWorker.run(TestMethodWorker.java:128)
	at java.base/java.util.ArrayList.forEach(ArrayList.java:1596)
	at org.testng.TestRunner.privateRun(TestRunner.java:794)
	at org.testng.TestRunner.run(TestRunner.java:596)
	at org.testng.SuiteRunner.runTest(SuiteRunner.java:377)
	at org.testng.SuiteRunner.runSequentially(SuiteRunner.java:371)
	at org.testng.SuiteRunner.privateRun(SuiteRunner.java:332)
	at org.testng.SuiteRunner.run(SuiteRunner.java:276)
	at org.testng.SuiteRunnerWorker.runSuite(SuiteRunnerWorker.java:53)
	at org.testng.SuiteRunnerWorker.run(SuiteRunnerWorker.java:96)
	at org.testng.TestNG.runSuitesSequentially(TestNG.java:1212)
	at org.testng.TestNG.runSuitesLocally(TestNG.java:1134)
	at org.testng.TestNG.runSuites(TestNG.java:1063)
	at org.testng.TestNG.run(TestNG.java:1031)
	at org.testng.remote.AbstractRemoteTestNG.run(AbstractRemoteTestNG.java:115)
	at org.testng.remote.RemoteTestNG.initAndRun(RemoteTestNG.java:251)
	at org.testng.remote.RemoteTestNG.main(RemoteTestNG.java:77)

2024-03-28T13:23:02,054 [main] INFO  (EndToEndAPITest.java:36) - e2eAPIRequest test execution started...
2024-03-28T13:23:03,243 [main] INFO  (RestAssuredListener.java:23) - 
 Method =>POST
 URI => https://restful-booker.herokuapp.com/booking
 Request body => {
  "firstname" : "postman  by",
  "lastname" : "testers talk",
  "additionalneeds" : "super bowls",
  "totalprice" : 1002,
  "depositpaid" : true,
  "bookingdates" : {
    "checkin" : "2018-01-01",
    "checkout" : "2019-01-01"
  }
}
 Response body => {
    "bookingid": 1060,
    "booking": {
        "firstname": "postman  by",
        "lastname": "testers talk",
        "totalprice": 1002,
        "depositpaid": true,
        "bookingdates": {
            "checkin": "2018-01-01",
            "checkout": "2019-01-01"
        },
        "additionalneeds": "super bowls"
    }
}
2024-03-28T13:23:04,456 [main] INFO  (RestAssuredListener.java:23) - 
 Method =>GET
 URI => https://restful-booker.herokuapp.com/booking/1060
 Request body => null
 Response body => {
    "firstname": "postman  by",
    "lastname": "testers talk",
    "totalprice": 1002,
    "depositpaid": true,
    "bookingdates": {
        "checkin": "2018-01-01",
        "checkout": "2019-01-01"
    },
    "additionalneeds": "super bowls"
}
2024-03-28T13:23:04,478 [main] INFO  (BaseTest.java:39) - java.lang.AssertionError: 1 expectation failed.
Response body doesn't match expectation.
Expected: The content to match the given JSON schema.
error: instance type (string) does not match any allowed primitive type (allowed: ["integer"])
    level: "error"
    schema: {"loadingURI":"#","pointer":"/properties/firstname"}
    instance: {"pointer":"/firstname"}
    domain: "validation"
    keyword: "type"
    found: "string"
    expected: ["integer"]

  Actual: {"firstname":"postman  by","lastname":"testers talk","totalprice":1002,"depositpaid":true,"bookingdates":{"checkin":"2018-01-01","checkout":"2019-01-01"},"additionalneeds":"super bowls"}

	at java.base/jdk.internal.reflect.DirectConstructorHandleAccessor.newInstance(DirectConstructorHandleAccessor.java:62)
	at java.base/java.lang.reflect.Constructor.newInstanceWithCaller(Constructor.java:502)
	at java.base/java.lang.reflect.Constructor.newInstance(Constructor.java:486)
	at org.codehaus.groovy.reflection.CachedConstructor.invoke(CachedConstructor.java:73)
	at org.codehaus.groovy.runtime.callsite.ConstructorSite$ConstructorSiteNoUnwrapNoCoerce.callConstructor(ConstructorSite.java:108)
	at org.codehaus.groovy.runtime.callsite.AbstractCallSite.callConstructor(AbstractCallSite.java:277)
	at io.restassured.internal.ResponseSpecificationImpl$HamcrestAssertionClosure.validate(ResponseSpecificationImpl.groovy:512)
	at io.restassured.internal.ResponseSpecificationImpl$HamcrestAssertionClosure$validate$1.call(Unknown Source)
	at io.restassured.internal.ResponseSpecificationImpl.validateResponseIfRequired(ResponseSpecificationImpl.groovy:696)
	at io.restassured.internal.ResponseSpecificationImpl.this$2$validateResponseIfRequired(ResponseSpecificationImpl.groovy)
	at java.base/jdk.internal.reflect.DirectMethodHandleAccessor.invoke(DirectMethodHandleAccessor.java:103)
	at java.base/java.lang.reflect.Method.invoke(Method.java:580)
	at org.codehaus.groovy.runtime.callsite.PlainObjectMetaMethodSite.doInvoke(PlainObjectMetaMethodSite.java:43)
	at org.codehaus.groovy.runtime.callsite.PogoMetaMethodSite$PogoCachedMethodSiteNoUnwrapNoCoerce.invoke(PogoMetaMethodSite.java:198)
	at org.codehaus.groovy.runtime.callsite.PogoMetaMethodSite.callCurrent(PogoMetaMethodSite.java:62)
	at org.codehaus.groovy.runtime.callsite.AbstractCallSite.callCurrent(AbstractCallSite.java:185)
	at io.restassured.internal.ResponseSpecificationImpl.body(ResponseSpecificationImpl.groovy:107)
	at io.restassured.internal.ValidatableResponseOptionsImpl.body(ValidatableResponseOptionsImpl.java:238)
	at com.testautomation.apitesting.tests.EndToEndAPITest.e2eAPIRequest(EndToEndAPITest.java:109)
	at java.base/jdk.internal.reflect.DirectMethodHandleAccessor.invoke(DirectMethodHandleAccessor.java:103)
	at java.base/java.lang.reflect.Method.invoke(Method.java:580)
	at org.testng.internal.MethodInvocationHelper.invokeMethod(MethodInvocationHelper.java:133)
	at org.testng.internal.TestInvoker.invokeMethod(TestInvoker.java:598)
	at org.testng.internal.TestInvoker.invokeTestMethod(TestInvoker.java:173)
	at org.testng.internal.MethodRunner.runInSequence(MethodRunner.java:46)
	at org.testng.internal.TestInvoker$MethodInvocationAgent.invoke(TestInvoker.java:824)
	at org.testng.internal.TestInvoker.invokeTestMethods(TestInvoker.java:146)
	at org.testng.internal.TestMethodWorker.invokeTestMethods(TestMethodWorker.java:146)
	at org.testng.internal.TestMethodWorker.run(TestMethodWorker.java:128)
	at java.base/java.util.ArrayList.forEach(ArrayList.java:1596)
	at org.testng.TestRunner.privateRun(TestRunner.java:794)
	at org.testng.TestRunner.run(TestRunner.java:596)
	at org.testng.SuiteRunner.runTest(SuiteRunner.java:377)
	at org.testng.SuiteRunner.runSequentially(SuiteRunner.java:371)
	at org.testng.SuiteRunner.privateRun(SuiteRunner.java:332)
	at org.testng.SuiteRunner.run(SuiteRunner.java:276)
	at org.testng.SuiteRunnerWorker.runSuite(SuiteRunnerWorker.java:53)
	at org.testng.SuiteRunnerWorker.run(SuiteRunnerWorker.java:96)
	at org.testng.TestNG.runSuitesSequentially(TestNG.java:1212)
	at org.testng.TestNG.runSuitesLocally(TestNG.java:1134)
	at org.testng.TestNG.runSuites(TestNG.java:1063)
	at org.testng.TestNG.run(TestNG.java:1031)
	at org.testng.remote.AbstractRemoteTestNG.run(AbstractRemoteTestNG.java:115)
	at org.testng.remote.RemoteTestNG.initAndRun(RemoteTestNG.java:251)
	at org.testng.remote.RemoteTestNG.main(RemoteTestNG.java:77)

2024-03-28T13:25:16,371 [main] INFO  (EndToEndAPITest.java:36) - e2eAPIRequest test execution started...
2024-03-28T13:25:20,490 [main] INFO  (RestAssuredListener.java:23) - 
 Method =>POST
 URI => https://restful-booker.herokuapp.com/booking
 Request body => {
  "firstname" : "api testing by",
  "lastname" : "testers talk",
  "additionalneeds" : "super bowls",
  "totalprice" : 1000,
  "depositpaid" : true,
  "bookingdates" : {
    "checkin" : "2018-01-01",
    "checkout" : "2019-01-01"
  }
}
 Response body => {
    "bookingid": 2230,
    "booking": {
        "firstname": "api testing by",
        "lastname": "testers talk",
        "totalprice": 1000,
        "depositpaid": true,
        "bookingdates": {
            "checkin": "2018-01-01",
            "checkout": "2019-01-01"
        },
        "additionalneeds": "super bowls"
    }
}
2024-03-28T13:25:21,816 [main] INFO  (RestAssuredListener.java:23) - 
 Method =>GET
 URI => https://restful-booker.herokuapp.com/booking/2230
 Request body => null
 Response body => {
    "firstname": "api testing by",
    "lastname": "testers talk",
    "totalprice": 1000,
    "depositpaid": true,
    "bookingdates": {
        "checkin": "2018-01-01",
        "checkout": "2019-01-01"
    },
    "additionalneeds": "super bowls"
}
2024-03-28T13:25:22,251 [main] INFO  (BaseTest.java:39) - java.lang.AssertionError: 1 expectation failed.
Response body doesn't match expectation.
Expected: The content to match the given JSON schema.
error: instance type (string) does not match any allowed primitive type (allowed: ["integer"])
    level: "error"
    schema: {"loadingURI":"#","pointer":"/properties/firstname"}
    instance: {"pointer":"/firstname"}
    domain: "validation"
    keyword: "type"
    found: "string"
    expected: ["integer"]

  Actual: {"firstname":"api testing by","lastname":"testers talk","totalprice":1000,"depositpaid":true,"bookingdates":{"checkin":"2018-01-01","checkout":"2019-01-01"},"additionalneeds":"super bowls"}

	at java.base/jdk.internal.reflect.DirectConstructorHandleAccessor.newInstance(DirectConstructorHandleAccessor.java:62)
	at java.base/java.lang.reflect.Constructor.newInstanceWithCaller(Constructor.java:502)
	at java.base/java.lang.reflect.Constructor.newInstance(Constructor.java:486)
	at org.codehaus.groovy.reflection.CachedConstructor.invoke(CachedConstructor.java:73)
	at org.codehaus.groovy.runtime.callsite.ConstructorSite$ConstructorSiteNoUnwrapNoCoerce.callConstructor(ConstructorSite.java:108)
	at org.codehaus.groovy.runtime.callsite.CallSiteArray.defaultCallConstructor(CallSiteArray.java:57)
	at org.codehaus.groovy.runtime.callsite.AbstractCallSite.callConstructor(AbstractCallSite.java:263)
	at org.codehaus.groovy.runtime.callsite.AbstractCallSite.callConstructor(AbstractCallSite.java:277)
	at io.restassured.internal.ResponseSpecificationImpl$HamcrestAssertionClosure.validate(ResponseSpecificationImpl.groovy:512)
	at io.restassured.internal.ResponseSpecificationImpl$HamcrestAssertionClosure$validate$1.call(Unknown Source)
	at io.restassured.internal.ResponseSpecificationImpl.validateResponseIfRequired(ResponseSpecificationImpl.groovy:696)
	at io.restassured.internal.ResponseSpecificationImpl.this$2$validateResponseIfRequired(ResponseSpecificationImpl.groovy)
	at java.base/jdk.internal.reflect.DirectMethodHandleAccessor.invoke(DirectMethodHandleAccessor.java:103)
	at java.base/java.lang.reflect.Method.invoke(Method.java:580)
	at org.codehaus.groovy.runtime.callsite.PlainObjectMetaMethodSite.doInvoke(PlainObjectMetaMethodSite.java:43)
	at org.codehaus.groovy.runtime.callsite.PogoMetaMethodSite$PogoCachedMethodSiteNoUnwrapNoCoerce.invoke(PogoMetaMethodSite.java:198)
	at org.codehaus.groovy.runtime.callsite.PogoMetaMethodSite.callCurrent(PogoMetaMethodSite.java:62)
	at org.codehaus.groovy.runtime.callsite.CallSiteArray.defaultCallCurrent(CallSiteArray.java:49)
	at org.codehaus.groovy.runtime.callsite.AbstractCallSite.callCurrent(AbstractCallSite.java:171)
	at org.codehaus.groovy.runtime.callsite.AbstractCallSite.callCurrent(AbstractCallSite.java:185)
	at io.restassured.internal.ResponseSpecificationImpl.body(ResponseSpecificationImpl.groovy:107)
	at io.restassured.internal.ValidatableResponseOptionsImpl.body(ValidatableResponseOptionsImpl.java:238)
	at com.testautomation.apitesting.tests.EndToEndAPITest.e2eAPIRequest(EndToEndAPITest.java:109)
	at java.base/jdk.internal.reflect.DirectMethodHandleAccessor.invoke(DirectMethodHandleAccessor.java:103)
	at java.base/java.lang.reflect.Method.invoke(Method.java:580)
	at org.testng.internal.MethodInvocationHelper.invokeMethod(MethodInvocationHelper.java:133)
	at org.testng.internal.TestInvoker.invokeMethod(TestInvoker.java:598)
	at org.testng.internal.TestInvoker.invokeTestMethod(TestInvoker.java:173)
	at org.testng.internal.MethodRunner.runInSequence(MethodRunner.java:46)
	at org.testng.internal.TestInvoker$MethodInvocationAgent.invoke(TestInvoker.java:824)
	at org.testng.internal.TestInvoker.invokeTestMethods(TestInvoker.java:146)
	at org.testng.internal.TestMethodWorker.invokeTestMethods(TestMethodWorker.java:146)
	at org.testng.internal.TestMethodWorker.run(TestMethodWorker.java:128)
	at java.base/java.util.ArrayList.forEach(ArrayList.java:1596)
	at org.testng.TestRunner.privateRun(TestRunner.java:794)
	at org.testng.TestRunner.run(TestRunner.java:596)
	at org.testng.SuiteRunner.runTest(SuiteRunner.java:377)
	at org.testng.SuiteRunner.runSequentially(SuiteRunner.java:371)
	at org.testng.SuiteRunner.privateRun(SuiteRunner.java:332)
	at org.testng.SuiteRunner.run(SuiteRunner.java:276)
	at org.testng.SuiteRunnerWorker.runSuite(SuiteRunnerWorker.java:53)
	at org.testng.SuiteRunnerWorker.run(SuiteRunnerWorker.java:96)
	at org.testng.TestNG.runSuitesSequentially(TestNG.java:1212)
	at org.testng.TestNG.runSuitesLocally(TestNG.java:1134)
	at org.testng.TestNG.runSuites(TestNG.java:1063)
	at org.testng.TestNG.run(TestNG.java:1031)
	at org.testng.remote.AbstractRemoteTestNG.run(AbstractRemoteTestNG.java:115)
	at org.testng.remote.RemoteTestNG.initAndRun(RemoteTestNG.java:251)
	at org.testng.remote.RemoteTestNG.main(RemoteTestNG.java:77)

2024-03-28T13:25:22,263 [main] INFO  (EndToEndAPITest.java:36) - e2eAPIRequest test execution started...
2024-03-28T13:25:23,517 [main] INFO  (RestAssuredListener.java:23) - 
 Method =>POST
 URI => https://restful-booker.herokuapp.com/booking
 Request body => {
  "firstname" : "rest assured  by",
  "lastname" : "testers talk",
  "additionalneeds" : "super bowls",
  "totalprice" : 1001,
  "depositpaid" : true,
  "bookingdates" : {
    "checkin" : "2018-01-01",
    "checkout" : "2019-01-01"
  }
}
 Response body => {
    "bookingid": 2254,
    "booking": {
        "firstname": "rest assured  by",
        "lastname": "testers talk",
        "totalprice": 1001,
        "depositpaid": true,
        "bookingdates": {
            "checkin": "2018-01-01",
            "checkout": "2019-01-01"
        },
        "additionalneeds": "super bowls"
    }
}
2024-03-28T13:25:24,650 [main] INFO  (RestAssuredListener.java:23) - 
 Method =>GET
 URI => https://restful-booker.herokuapp.com/booking/2254
 Request body => null
 Response body => {
    "firstname": "rest assured  by",
    "lastname": "testers talk",
    "totalprice": 1001,
    "depositpaid": true,
    "bookingdates": {
        "checkin": "2018-01-01",
        "checkout": "2019-01-01"
    },
    "additionalneeds": "super bowls"
}
2024-03-28T13:25:24,674 [main] INFO  (BaseTest.java:39) - java.lang.AssertionError: 1 expectation failed.
Response body doesn't match expectation.
Expected: The content to match the given JSON schema.
error: instance type (string) does not match any allowed primitive type (allowed: ["integer"])
    level: "error"
    schema: {"loadingURI":"#","pointer":"/properties/firstname"}
    instance: {"pointer":"/firstname"}
    domain: "validation"
    keyword: "type"
    found: "string"
    expected: ["integer"]

  Actual: {"firstname":"rest assured  by","lastname":"testers talk","totalprice":1001,"depositpaid":true,"bookingdates":{"checkin":"2018-01-01","checkout":"2019-01-01"},"additionalneeds":"super bowls"}

	at java.base/jdk.internal.reflect.DirectConstructorHandleAccessor.newInstance(DirectConstructorHandleAccessor.java:62)
	at java.base/java.lang.reflect.Constructor.newInstanceWithCaller(Constructor.java:502)
	at java.base/java.lang.reflect.Constructor.newInstance(Constructor.java:486)
	at org.codehaus.groovy.reflection.CachedConstructor.invoke(CachedConstructor.java:73)
	at org.codehaus.groovy.runtime.callsite.ConstructorSite$ConstructorSiteNoUnwrapNoCoerce.callConstructor(ConstructorSite.java:108)
	at org.codehaus.groovy.runtime.callsite.AbstractCallSite.callConstructor(AbstractCallSite.java:277)
	at io.restassured.internal.ResponseSpecificationImpl$HamcrestAssertionClosure.validate(ResponseSpecificationImpl.groovy:512)
	at io.restassured.internal.ResponseSpecificationImpl$HamcrestAssertionClosure$validate$1.call(Unknown Source)
	at io.restassured.internal.ResponseSpecificationImpl.validateResponseIfRequired(ResponseSpecificationImpl.groovy:696)
	at io.restassured.internal.ResponseSpecificationImpl.this$2$validateResponseIfRequired(ResponseSpecificationImpl.groovy)
	at java.base/jdk.internal.reflect.DirectMethodHandleAccessor.invoke(DirectMethodHandleAccessor.java:103)
	at java.base/java.lang.reflect.Method.invoke(Method.java:580)
	at org.codehaus.groovy.runtime.callsite.PlainObjectMetaMethodSite.doInvoke(PlainObjectMetaMethodSite.java:43)
	at org.codehaus.groovy.runtime.callsite.PogoMetaMethodSite$PogoCachedMethodSiteNoUnwrapNoCoerce.invoke(PogoMetaMethodSite.java:198)
	at org.codehaus.groovy.runtime.callsite.PogoMetaMethodSite.callCurrent(PogoMetaMethodSite.java:62)
	at org.codehaus.groovy.runtime.callsite.AbstractCallSite.callCurrent(AbstractCallSite.java:185)
	at io.restassured.internal.ResponseSpecificationImpl.body(ResponseSpecificationImpl.groovy:107)
	at io.restassured.internal.ValidatableResponseOptionsImpl.body(ValidatableResponseOptionsImpl.java:238)
	at com.testautomation.apitesting.tests.EndToEndAPITest.e2eAPIRequest(EndToEndAPITest.java:109)
	at java.base/jdk.internal.reflect.DirectMethodHandleAccessor.invoke(DirectMethodHandleAccessor.java:103)
	at java.base/java.lang.reflect.Method.invoke(Method.java:580)
	at org.testng.internal.MethodInvocationHelper.invokeMethod(MethodInvocationHelper.java:133)
	at org.testng.internal.TestInvoker.invokeMethod(TestInvoker.java:598)
	at org.testng.internal.TestInvoker.invokeTestMethod(TestInvoker.java:173)
	at org.testng.internal.MethodRunner.runInSequence(MethodRunner.java:46)
	at org.testng.internal.TestInvoker$MethodInvocationAgent.invoke(TestInvoker.java:824)
	at org.testng.internal.TestInvoker.invokeTestMethods(TestInvoker.java:146)
	at org.testng.internal.TestMethodWorker.invokeTestMethods(TestMethodWorker.java:146)
	at org.testng.internal.TestMethodWorker.run(TestMethodWorker.java:128)
	at java.base/java.util.ArrayList.forEach(ArrayList.java:1596)
	at org.testng.TestRunner.privateRun(TestRunner.java:794)
	at org.testng.TestRunner.run(TestRunner.java:596)
	at org.testng.SuiteRunner.runTest(SuiteRunner.java:377)
	at org.testng.SuiteRunner.runSequentially(SuiteRunner.java:371)
	at org.testng.SuiteRunner.privateRun(SuiteRunner.java:332)
	at org.testng.SuiteRunner.run(SuiteRunner.java:276)
	at org.testng.SuiteRunnerWorker.runSuite(SuiteRunnerWorker.java:53)
	at org.testng.SuiteRunnerWorker.run(SuiteRunnerWorker.java:96)
	at org.testng.TestNG.runSuitesSequentially(TestNG.java:1212)
	at org.testng.TestNG.runSuitesLocally(TestNG.java:1134)
	at org.testng.TestNG.runSuites(TestNG.java:1063)
	at org.testng.TestNG.run(TestNG.java:1031)
	at org.testng.remote.AbstractRemoteTestNG.run(AbstractRemoteTestNG.java:115)
	at org.testng.remote.RemoteTestNG.initAndRun(RemoteTestNG.java:251)
	at org.testng.remote.RemoteTestNG.main(RemoteTestNG.java:77)

2024-03-28T13:25:24,681 [main] INFO  (EndToEndAPITest.java:36) - e2eAPIRequest test execution started...
2024-03-28T13:25:25,973 [main] INFO  (RestAssuredListener.java:23) - 
 Method =>POST
 URI => https://restful-booker.herokuapp.com/booking
 Request body => {
  "firstname" : "postman  by",
  "lastname" : "testers talk",
  "additionalneeds" : "super bowls",
  "totalprice" : 1002,
  "depositpaid" : true,
  "bookingdates" : {
    "checkin" : "2018-01-01",
    "checkout" : "2019-01-01"
  }
}
 Response body => {
    "bookingid": 2279,
    "booking": {
        "firstname": "postman  by",
        "lastname": "testers talk",
        "totalprice": 1002,
        "depositpaid": true,
        "bookingdates": {
            "checkin": "2018-01-01",
            "checkout": "2019-01-01"
        },
        "additionalneeds": "super bowls"
    }
}
2024-03-28T13:25:27,202 [main] INFO  (RestAssuredListener.java:23) - 
 Method =>GET
 URI => https://restful-booker.herokuapp.com/booking/2279
 Request body => null
 Response body => {
    "firstname": "postman  by",
    "lastname": "testers talk",
    "totalprice": 1002,
    "depositpaid": true,
    "bookingdates": {
        "checkin": "2018-01-01",
        "checkout": "2019-01-01"
    },
    "additionalneeds": "super bowls"
}
2024-03-28T13:25:27,231 [main] INFO  (BaseTest.java:39) - java.lang.AssertionError: 1 expectation failed.
Response body doesn't match expectation.
Expected: The content to match the given JSON schema.
error: instance type (string) does not match any allowed primitive type (allowed: ["integer"])
    level: "error"
    schema: {"loadingURI":"#","pointer":"/properties/firstname"}
    instance: {"pointer":"/firstname"}
    domain: "validation"
    keyword: "type"
    found: "string"
    expected: ["integer"]

  Actual: {"firstname":"postman  by","lastname":"testers talk","totalprice":1002,"depositpaid":true,"bookingdates":{"checkin":"2018-01-01","checkout":"2019-01-01"},"additionalneeds":"super bowls"}

	at java.base/jdk.internal.reflect.DirectConstructorHandleAccessor.newInstance(DirectConstructorHandleAccessor.java:62)
	at java.base/java.lang.reflect.Constructor.newInstanceWithCaller(Constructor.java:502)
	at java.base/java.lang.reflect.Constructor.newInstance(Constructor.java:486)
	at org.codehaus.groovy.reflection.CachedConstructor.invoke(CachedConstructor.java:73)
	at org.codehaus.groovy.runtime.callsite.ConstructorSite$ConstructorSiteNoUnwrapNoCoerce.callConstructor(ConstructorSite.java:108)
	at org.codehaus.groovy.runtime.callsite.AbstractCallSite.callConstructor(AbstractCallSite.java:277)
	at io.restassured.internal.ResponseSpecificationImpl$HamcrestAssertionClosure.validate(ResponseSpecificationImpl.groovy:512)
	at io.restassured.internal.ResponseSpecificationImpl$HamcrestAssertionClosure$validate$1.call(Unknown Source)
	at io.restassured.internal.ResponseSpecificationImpl.validateResponseIfRequired(ResponseSpecificationImpl.groovy:696)
	at io.restassured.internal.ResponseSpecificationImpl.this$2$validateResponseIfRequired(ResponseSpecificationImpl.groovy)
	at java.base/jdk.internal.reflect.DirectMethodHandleAccessor.invoke(DirectMethodHandleAccessor.java:103)
	at java.base/java.lang.reflect.Method.invoke(Method.java:580)
	at org.codehaus.groovy.runtime.callsite.PlainObjectMetaMethodSite.doInvoke(PlainObjectMetaMethodSite.java:43)
	at org.codehaus.groovy.runtime.callsite.PogoMetaMethodSite$PogoCachedMethodSiteNoUnwrapNoCoerce.invoke(PogoMetaMethodSite.java:198)
	at org.codehaus.groovy.runtime.callsite.PogoMetaMethodSite.callCurrent(PogoMetaMethodSite.java:62)
	at org.codehaus.groovy.runtime.callsite.AbstractCallSite.callCurrent(AbstractCallSite.java:185)
	at io.restassured.internal.ResponseSpecificationImpl.body(ResponseSpecificationImpl.groovy:107)
	at io.restassured.internal.ValidatableResponseOptionsImpl.body(ValidatableResponseOptionsImpl.java:238)
	at com.testautomation.apitesting.tests.EndToEndAPITest.e2eAPIRequest(EndToEndAPITest.java:109)
	at java.base/jdk.internal.reflect.DirectMethodHandleAccessor.invoke(DirectMethodHandleAccessor.java:103)
	at java.base/java.lang.reflect.Method.invoke(Method.java:580)
	at org.testng.internal.MethodInvocationHelper.invokeMethod(MethodInvocationHelper.java:133)
	at org.testng.internal.TestInvoker.invokeMethod(TestInvoker.java:598)
	at org.testng.internal.TestInvoker.invokeTestMethod(TestInvoker.java:173)
	at org.testng.internal.MethodRunner.runInSequence(MethodRunner.java:46)
	at org.testng.internal.TestInvoker$MethodInvocationAgent.invoke(TestInvoker.java:824)
	at org.testng.internal.TestInvoker.invokeTestMethods(TestInvoker.java:146)
	at org.testng.internal.TestMethodWorker.invokeTestMethods(TestMethodWorker.java:146)
	at org.testng.internal.TestMethodWorker.run(TestMethodWorker.java:128)
	at java.base/java.util.ArrayList.forEach(ArrayList.java:1596)
	at org.testng.TestRunner.privateRun(TestRunner.java:794)
	at org.testng.TestRunner.run(TestRunner.java:596)
	at org.testng.SuiteRunner.runTest(SuiteRunner.java:377)
	at org.testng.SuiteRunner.runSequentially(SuiteRunner.java:371)
	at org.testng.SuiteRunner.privateRun(SuiteRunner.java:332)
	at org.testng.SuiteRunner.run(SuiteRunner.java:276)
	at org.testng.SuiteRunnerWorker.runSuite(SuiteRunnerWorker.java:53)
	at org.testng.SuiteRunnerWorker.run(SuiteRunnerWorker.java:96)
	at org.testng.TestNG.runSuitesSequentially(TestNG.java:1212)
	at org.testng.TestNG.runSuitesLocally(TestNG.java:1134)
	at org.testng.TestNG.runSuites(TestNG.java:1063)
	at org.testng.TestNG.run(TestNG.java:1031)
	at org.testng.remote.AbstractRemoteTestNG.run(AbstractRemoteTestNG.java:115)
	at org.testng.remote.RemoteTestNG.initAndRun(RemoteTestNG.java:251)
	at org.testng.remote.RemoteTestNG.main(RemoteTestNG.java:77)

2024-03-28T13:45:25,364 [main] INFO  (EndToEndAPITestWithExcelData.java:36) - e2eAPIRequest test execution started...
2024-03-28T13:45:29,808 [main] INFO  (RestAssuredListener.java:23) - 
 Method =>POST
 URI => https://restful-booker.herokuapp.com/booking
 Request body => {
  "firstname" : "api testing by",
  "lastname" : "testers talk",
  "additionalneeds" : "super bowls",
  "totalprice" : 1000,
  "depositpaid" : true,
  "bookingdates" : {
    "checkin" : "2018-01-01",
    "checkout" : "2019-01-01"
  }
}
 Response body => {
    "bookingid": 2319,
    "booking": {
        "firstname": "api testing by",
        "lastname": "testers talk",
        "totalprice": 1000,
        "depositpaid": true,
        "bookingdates": {
            "checkin": "2018-01-01",
            "checkout": "2019-01-01"
        },
        "additionalneeds": "super bowls"
    }
}
2024-03-28T13:45:31,210 [main] INFO  (RestAssuredListener.java:23) - 
 Method =>GET
 URI => https://restful-booker.herokuapp.com/booking/2319
 Request body => null
 Response body => {
    "firstname": "api testing by",
    "lastname": "testers talk",
    "totalprice": 1000,
    "depositpaid": true,
    "bookingdates": {
        "checkin": "2018-01-01",
        "checkout": "2019-01-01"
    },
    "additionalneeds": "super bowls"
}
2024-03-28T13:45:31,643 [main] INFO  (BaseTest.java:39) - java.lang.AssertionError: 1 expectation failed.
Response body doesn't match expectation.
Expected: The content to match the given JSON schema.
error: instance type (string) does not match any allowed primitive type (allowed: ["integer"])
    level: "error"
    schema: {"loadingURI":"#","pointer":"/properties/firstname"}
    instance: {"pointer":"/firstname"}
    domain: "validation"
    keyword: "type"
    found: "string"
    expected: ["integer"]

  Actual: {"firstname":"api testing by","lastname":"testers talk","totalprice":1000,"depositpaid":true,"bookingdates":{"checkin":"2018-01-01","checkout":"2019-01-01"},"additionalneeds":"super bowls"}

	at java.base/jdk.internal.reflect.DirectConstructorHandleAccessor.newInstance(DirectConstructorHandleAccessor.java:62)
	at java.base/java.lang.reflect.Constructor.newInstanceWithCaller(Constructor.java:502)
	at java.base/java.lang.reflect.Constructor.newInstance(Constructor.java:486)
	at org.codehaus.groovy.reflection.CachedConstructor.invoke(CachedConstructor.java:73)
	at org.codehaus.groovy.runtime.callsite.ConstructorSite$ConstructorSiteNoUnwrapNoCoerce.callConstructor(ConstructorSite.java:108)
	at org.codehaus.groovy.runtime.callsite.CallSiteArray.defaultCallConstructor(CallSiteArray.java:57)
	at org.codehaus.groovy.runtime.callsite.AbstractCallSite.callConstructor(AbstractCallSite.java:263)
	at org.codehaus.groovy.runtime.callsite.AbstractCallSite.callConstructor(AbstractCallSite.java:277)
	at io.restassured.internal.ResponseSpecificationImpl$HamcrestAssertionClosure.validate(ResponseSpecificationImpl.groovy:512)
	at io.restassured.internal.ResponseSpecificationImpl$HamcrestAssertionClosure$validate$1.call(Unknown Source)
	at io.restassured.internal.ResponseSpecificationImpl.validateResponseIfRequired(ResponseSpecificationImpl.groovy:696)
	at io.restassured.internal.ResponseSpecificationImpl.this$2$validateResponseIfRequired(ResponseSpecificationImpl.groovy)
	at java.base/jdk.internal.reflect.DirectMethodHandleAccessor.invoke(DirectMethodHandleAccessor.java:103)
	at java.base/java.lang.reflect.Method.invoke(Method.java:580)
	at org.codehaus.groovy.runtime.callsite.PlainObjectMetaMethodSite.doInvoke(PlainObjectMetaMethodSite.java:43)
	at org.codehaus.groovy.runtime.callsite.PogoMetaMethodSite$PogoCachedMethodSiteNoUnwrapNoCoerce.invoke(PogoMetaMethodSite.java:198)
	at org.codehaus.groovy.runtime.callsite.PogoMetaMethodSite.callCurrent(PogoMetaMethodSite.java:62)
	at org.codehaus.groovy.runtime.callsite.CallSiteArray.defaultCallCurrent(CallSiteArray.java:49)
	at org.codehaus.groovy.runtime.callsite.AbstractCallSite.callCurrent(AbstractCallSite.java:171)
	at org.codehaus.groovy.runtime.callsite.AbstractCallSite.callCurrent(AbstractCallSite.java:185)
	at io.restassured.internal.ResponseSpecificationImpl.body(ResponseSpecificationImpl.groovy:107)
	at io.restassured.internal.ValidatableResponseOptionsImpl.body(ValidatableResponseOptionsImpl.java:238)
	at com.testautomation.apitesting.tests.EndToEndAPITestWithExcelData.e2eAPIRequest(EndToEndAPITestWithExcelData.java:103)
	at java.base/jdk.internal.reflect.DirectMethodHandleAccessor.invoke(DirectMethodHandleAccessor.java:103)
	at java.base/java.lang.reflect.Method.invoke(Method.java:580)
	at org.testng.internal.MethodInvocationHelper.invokeMethod(MethodInvocationHelper.java:133)
	at org.testng.internal.TestInvoker.invokeMethod(TestInvoker.java:598)
	at org.testng.internal.TestInvoker.invokeTestMethod(TestInvoker.java:173)
	at org.testng.internal.MethodRunner.runInSequence(MethodRunner.java:46)
	at org.testng.internal.TestInvoker$MethodInvocationAgent.invoke(TestInvoker.java:824)
	at org.testng.internal.TestInvoker.invokeTestMethods(TestInvoker.java:146)
	at org.testng.internal.TestMethodWorker.invokeTestMethods(TestMethodWorker.java:146)
	at org.testng.internal.TestMethodWorker.run(TestMethodWorker.java:128)
	at java.base/java.util.ArrayList.forEach(ArrayList.java:1596)
	at org.testng.TestRunner.privateRun(TestRunner.java:794)
	at org.testng.TestRunner.run(TestRunner.java:596)
	at org.testng.SuiteRunner.runTest(SuiteRunner.java:377)
	at org.testng.SuiteRunner.runSequentially(SuiteRunner.java:371)
	at org.testng.SuiteRunner.privateRun(SuiteRunner.java:332)
	at org.testng.SuiteRunner.run(SuiteRunner.java:276)
	at org.testng.SuiteRunnerWorker.runSuite(SuiteRunnerWorker.java:53)
	at org.testng.SuiteRunnerWorker.run(SuiteRunnerWorker.java:96)
	at org.testng.TestNG.runSuitesSequentially(TestNG.java:1212)
	at org.testng.TestNG.runSuitesLocally(TestNG.java:1134)
	at org.testng.TestNG.runSuites(TestNG.java:1063)
	at org.testng.TestNG.run(TestNG.java:1031)
	at org.testng.remote.AbstractRemoteTestNG.run(AbstractRemoteTestNG.java:115)
	at org.testng.remote.RemoteTestNG.initAndRun(RemoteTestNG.java:251)
	at org.testng.remote.RemoteTestNG.main(RemoteTestNG.java:77)

2024-03-28T13:45:31,654 [main] INFO  (EndToEndAPITestWithExcelData.java:36) - e2eAPIRequest test execution started...
2024-03-28T13:45:32,820 [main] INFO  (RestAssuredListener.java:23) - 
 Method =>POST
 URI => https://restful-booker.herokuapp.com/booking
 Request body => {
  "firstname" : "rest assured  by",
  "lastname" : "testers talk",
  "additionalneeds" : "super bowls",
  "totalprice" : 1001,
  "depositpaid" : true,
  "bookingdates" : {
    "checkin" : "2018-01-01",
    "checkout" : "2019-01-01"
  }
}
 Response body => {
    "bookingid": 2340,
    "booking": {
        "firstname": "rest assured  by",
        "lastname": "testers talk",
        "totalprice": 1001,
        "depositpaid": true,
        "bookingdates": {
            "checkin": "2018-01-01",
            "checkout": "2019-01-01"
        },
        "additionalneeds": "super bowls"
    }
}
2024-03-28T13:45:33,984 [main] INFO  (RestAssuredListener.java:23) - 
 Method =>GET
 URI => https://restful-booker.herokuapp.com/booking/2340
 Request body => null
 Response body => {
    "firstname": "rest assured  by",
    "lastname": "testers talk",
    "totalprice": 1001,
    "depositpaid": true,
    "bookingdates": {
        "checkin": "2018-01-01",
        "checkout": "2019-01-01"
    },
    "additionalneeds": "super bowls"
}
2024-03-28T13:45:34,012 [main] INFO  (BaseTest.java:39) - java.lang.AssertionError: 1 expectation failed.
Response body doesn't match expectation.
Expected: The content to match the given JSON schema.
error: instance type (string) does not match any allowed primitive type (allowed: ["integer"])
    level: "error"
    schema: {"loadingURI":"#","pointer":"/properties/firstname"}
    instance: {"pointer":"/firstname"}
    domain: "validation"
    keyword: "type"
    found: "string"
    expected: ["integer"]

  Actual: {"firstname":"rest assured  by","lastname":"testers talk","totalprice":1001,"depositpaid":true,"bookingdates":{"checkin":"2018-01-01","checkout":"2019-01-01"},"additionalneeds":"super bowls"}

	at java.base/jdk.internal.reflect.DirectConstructorHandleAccessor.newInstance(DirectConstructorHandleAccessor.java:62)
	at java.base/java.lang.reflect.Constructor.newInstanceWithCaller(Constructor.java:502)
	at java.base/java.lang.reflect.Constructor.newInstance(Constructor.java:486)
	at org.codehaus.groovy.reflection.CachedConstructor.invoke(CachedConstructor.java:73)
	at org.codehaus.groovy.runtime.callsite.ConstructorSite$ConstructorSiteNoUnwrapNoCoerce.callConstructor(ConstructorSite.java:108)
	at org.codehaus.groovy.runtime.callsite.AbstractCallSite.callConstructor(AbstractCallSite.java:277)
	at io.restassured.internal.ResponseSpecificationImpl$HamcrestAssertionClosure.validate(ResponseSpecificationImpl.groovy:512)
	at io.restassured.internal.ResponseSpecificationImpl$HamcrestAssertionClosure$validate$1.call(Unknown Source)
	at io.restassured.internal.ResponseSpecificationImpl.validateResponseIfRequired(ResponseSpecificationImpl.groovy:696)
	at io.restassured.internal.ResponseSpecificationImpl.this$2$validateResponseIfRequired(ResponseSpecificationImpl.groovy)
	at java.base/jdk.internal.reflect.DirectMethodHandleAccessor.invoke(DirectMethodHandleAccessor.java:103)
	at java.base/java.lang.reflect.Method.invoke(Method.java:580)
	at org.codehaus.groovy.runtime.callsite.PlainObjectMetaMethodSite.doInvoke(PlainObjectMetaMethodSite.java:43)
	at org.codehaus.groovy.runtime.callsite.PogoMetaMethodSite$PogoCachedMethodSiteNoUnwrapNoCoerce.invoke(PogoMetaMethodSite.java:198)
	at org.codehaus.groovy.runtime.callsite.PogoMetaMethodSite.callCurrent(PogoMetaMethodSite.java:62)
	at org.codehaus.groovy.runtime.callsite.AbstractCallSite.callCurrent(AbstractCallSite.java:185)
	at io.restassured.internal.ResponseSpecificationImpl.body(ResponseSpecificationImpl.groovy:107)
	at io.restassured.internal.ValidatableResponseOptionsImpl.body(ValidatableResponseOptionsImpl.java:238)
	at com.testautomation.apitesting.tests.EndToEndAPITestWithExcelData.e2eAPIRequest(EndToEndAPITestWithExcelData.java:103)
	at java.base/jdk.internal.reflect.DirectMethodHandleAccessor.invoke(DirectMethodHandleAccessor.java:103)
	at java.base/java.lang.reflect.Method.invoke(Method.java:580)
	at org.testng.internal.MethodInvocationHelper.invokeMethod(MethodInvocationHelper.java:133)
	at org.testng.internal.TestInvoker.invokeMethod(TestInvoker.java:598)
	at org.testng.internal.TestInvoker.invokeTestMethod(TestInvoker.java:173)
	at org.testng.internal.MethodRunner.runInSequence(MethodRunner.java:46)
	at org.testng.internal.TestInvoker$MethodInvocationAgent.invoke(TestInvoker.java:824)
	at org.testng.internal.TestInvoker.invokeTestMethods(TestInvoker.java:146)
	at org.testng.internal.TestMethodWorker.invokeTestMethods(TestMethodWorker.java:146)
	at org.testng.internal.TestMethodWorker.run(TestMethodWorker.java:128)
	at java.base/java.util.ArrayList.forEach(ArrayList.java:1596)
	at org.testng.TestRunner.privateRun(TestRunner.java:794)
	at org.testng.TestRunner.run(TestRunner.java:596)
	at org.testng.SuiteRunner.runTest(SuiteRunner.java:377)
	at org.testng.SuiteRunner.runSequentially(SuiteRunner.java:371)
	at org.testng.SuiteRunner.privateRun(SuiteRunner.java:332)
	at org.testng.SuiteRunner.run(SuiteRunner.java:276)
	at org.testng.SuiteRunnerWorker.runSuite(SuiteRunnerWorker.java:53)
	at org.testng.SuiteRunnerWorker.run(SuiteRunnerWorker.java:96)
	at org.testng.TestNG.runSuitesSequentially(TestNG.java:1212)
	at org.testng.TestNG.runSuitesLocally(TestNG.java:1134)
	at org.testng.TestNG.runSuites(TestNG.java:1063)
	at org.testng.TestNG.run(TestNG.java:1031)
	at org.testng.remote.AbstractRemoteTestNG.run(AbstractRemoteTestNG.java:115)
	at org.testng.remote.RemoteTestNG.initAndRun(RemoteTestNG.java:251)
	at org.testng.remote.RemoteTestNG.main(RemoteTestNG.java:77)

2024-03-28T13:45:34,024 [main] INFO  (EndToEndAPITestWithExcelData.java:36) - e2eAPIRequest test execution started...
2024-03-28T13:45:35,161 [main] INFO  (RestAssuredListener.java:23) - 
 Method =>POST
 URI => https://restful-booker.herokuapp.com/booking
 Request body => {
  "firstname" : "postman  by",
  "lastname" : "testers talk",
  "additionalneeds" : "super bowls",
  "totalprice" : 1002,
  "depositpaid" : true,
  "bookingdates" : {
    "checkin" : "2018-01-01",
    "checkout" : "2019-01-01"
  }
}
 Response body => {
    "bookingid": 2365,
    "booking": {
        "firstname": "postman  by",
        "lastname": "testers talk",
        "totalprice": 1002,
        "depositpaid": true,
        "bookingdates": {
            "checkin": "2018-01-01",
            "checkout": "2019-01-01"
        },
        "additionalneeds": "super bowls"
    }
}
2024-03-28T13:45:36,351 [main] INFO  (RestAssuredListener.java:23) - 
 Method =>GET
 URI => https://restful-booker.herokuapp.com/booking/2365
 Request body => null
 Response body => {
    "firstname": "postman  by",
    "lastname": "testers talk",
    "totalprice": 1002,
    "depositpaid": true,
    "bookingdates": {
        "checkin": "2018-01-01",
        "checkout": "2019-01-01"
    },
    "additionalneeds": "super bowls"
}
2024-03-28T13:45:36,373 [main] INFO  (BaseTest.java:39) - java.lang.AssertionError: 1 expectation failed.
Response body doesn't match expectation.
Expected: The content to match the given JSON schema.
error: instance type (string) does not match any allowed primitive type (allowed: ["integer"])
    level: "error"
    schema: {"loadingURI":"#","pointer":"/properties/firstname"}
    instance: {"pointer":"/firstname"}
    domain: "validation"
    keyword: "type"
    found: "string"
    expected: ["integer"]

  Actual: {"firstname":"postman  by","lastname":"testers talk","totalprice":1002,"depositpaid":true,"bookingdates":{"checkin":"2018-01-01","checkout":"2019-01-01"},"additionalneeds":"super bowls"}

	at java.base/jdk.internal.reflect.DirectConstructorHandleAccessor.newInstance(DirectConstructorHandleAccessor.java:62)
	at java.base/java.lang.reflect.Constructor.newInstanceWithCaller(Constructor.java:502)
	at java.base/java.lang.reflect.Constructor.newInstance(Constructor.java:486)
	at org.codehaus.groovy.reflection.CachedConstructor.invoke(CachedConstructor.java:73)
	at org.codehaus.groovy.runtime.callsite.ConstructorSite$ConstructorSiteNoUnwrapNoCoerce.callConstructor(ConstructorSite.java:108)
	at org.codehaus.groovy.runtime.callsite.AbstractCallSite.callConstructor(AbstractCallSite.java:277)
	at io.restassured.internal.ResponseSpecificationImpl$HamcrestAssertionClosure.validate(ResponseSpecificationImpl.groovy:512)
	at io.restassured.internal.ResponseSpecificationImpl$HamcrestAssertionClosure$validate$1.call(Unknown Source)
	at io.restassured.internal.ResponseSpecificationImpl.validateResponseIfRequired(ResponseSpecificationImpl.groovy:696)
	at io.restassured.internal.ResponseSpecificationImpl.this$2$validateResponseIfRequired(ResponseSpecificationImpl.groovy)
	at java.base/jdk.internal.reflect.DirectMethodHandleAccessor.invoke(DirectMethodHandleAccessor.java:103)
	at java.base/java.lang.reflect.Method.invoke(Method.java:580)
	at org.codehaus.groovy.runtime.callsite.PlainObjectMetaMethodSite.doInvoke(PlainObjectMetaMethodSite.java:43)
	at org.codehaus.groovy.runtime.callsite.PogoMetaMethodSite$PogoCachedMethodSiteNoUnwrapNoCoerce.invoke(PogoMetaMethodSite.java:198)
	at org.codehaus.groovy.runtime.callsite.PogoMetaMethodSite.callCurrent(PogoMetaMethodSite.java:62)
	at org.codehaus.groovy.runtime.callsite.AbstractCallSite.callCurrent(AbstractCallSite.java:185)
	at io.restassured.internal.ResponseSpecificationImpl.body(ResponseSpecificationImpl.groovy:107)
	at io.restassured.internal.ValidatableResponseOptionsImpl.body(ValidatableResponseOptionsImpl.java:238)
	at com.testautomation.apitesting.tests.EndToEndAPITestWithExcelData.e2eAPIRequest(EndToEndAPITestWithExcelData.java:103)
	at java.base/jdk.internal.reflect.DirectMethodHandleAccessor.invoke(DirectMethodHandleAccessor.java:103)
	at java.base/java.lang.reflect.Method.invoke(Method.java:580)
	at org.testng.internal.MethodInvocationHelper.invokeMethod(MethodInvocationHelper.java:133)
	at org.testng.internal.TestInvoker.invokeMethod(TestInvoker.java:598)
	at org.testng.internal.TestInvoker.invokeTestMethod(TestInvoker.java:173)
	at org.testng.internal.MethodRunner.runInSequence(MethodRunner.java:46)
	at org.testng.internal.TestInvoker$MethodInvocationAgent.invoke(TestInvoker.java:824)
	at org.testng.internal.TestInvoker.invokeTestMethods(TestInvoker.java:146)
	at org.testng.internal.TestMethodWorker.invokeTestMethods(TestMethodWorker.java:146)
	at org.testng.internal.TestMethodWorker.run(TestMethodWorker.java:128)
	at java.base/java.util.ArrayList.forEach(ArrayList.java:1596)
	at org.testng.TestRunner.privateRun(TestRunner.java:794)
	at org.testng.TestRunner.run(TestRunner.java:596)
	at org.testng.SuiteRunner.runTest(SuiteRunner.java:377)
	at org.testng.SuiteRunner.runSequentially(SuiteRunner.java:371)
	at org.testng.SuiteRunner.privateRun(SuiteRunner.java:332)
	at org.testng.SuiteRunner.run(SuiteRunner.java:276)
	at org.testng.SuiteRunnerWorker.runSuite(SuiteRunnerWorker.java:53)
	at org.testng.SuiteRunnerWorker.run(SuiteRunnerWorker.java:96)
	at org.testng.TestNG.runSuitesSequentially(TestNG.java:1212)
	at org.testng.TestNG.runSuitesLocally(TestNG.java:1134)
	at org.testng.TestNG.runSuites(TestNG.java:1063)
	at org.testng.TestNG.run(TestNG.java:1031)
	at org.testng.remote.AbstractRemoteTestNG.run(AbstractRemoteTestNG.java:115)
	at org.testng.remote.RemoteTestNG.initAndRun(RemoteTestNG.java:251)
	at org.testng.remote.RemoteTestNG.main(RemoteTestNG.java:77)

2024-03-28T13:46:40,028 [main] INFO  (EndToEndAPITestWithExcelData.java:36) - e2eAPIRequest test execution started...
2024-03-28T13:46:43,993 [main] INFO  (RestAssuredListener.java:23) - 
 Method =>POST
 URI => https://restful-booker.herokuapp.com/booking
 Request body => {
  "firstname" : "api testing by",
  "lastname" : "testers talk",
  "additionalneeds" : "super bowls",
  "totalprice" : 1000,
  "depositpaid" : true,
  "bookingdates" : {
    "checkin" : "2018-01-01",
    "checkout" : "2019-01-01"
  }
}
 Response body => {
    "bookingid": 2943,
    "booking": {
        "firstname": "api testing by",
        "lastname": "testers talk",
        "totalprice": 1000,
        "depositpaid": true,
        "bookingdates": {
            "checkin": "2018-01-01",
            "checkout": "2019-01-01"
        },
        "additionalneeds": "super bowls"
    }
}
2024-03-28T13:46:45,271 [main] INFO  (RestAssuredListener.java:23) - 
 Method =>GET
 URI => https://restful-booker.herokuapp.com/booking/2943
 Request body => null
 Response body => {
    "firstname": "api testing by",
    "lastname": "testers talk",
    "totalprice": 1000,
    "depositpaid": true,
    "bookingdates": {
        "checkin": "2018-01-01",
        "checkout": "2019-01-01"
    },
    "additionalneeds": "super bowls"
}
2024-03-28T13:46:46,719 [main] INFO  (RestAssuredListener.java:23) - 
 Method =>POST
 URI => https://restful-booker.herokuapp.com/auth
 Request body => {
    "username":"admin",
    "password":"password123"

}
 Response body => {
    "token": "504db931daf06a6"
}
2024-03-28T13:46:46,720 [main] INFO  (EndToEndAPITestWithExcelData.java:175) - e2eAPIRequest test execution ended...
2024-03-28T13:46:46,750 [main] INFO  (EndToEndAPITestWithExcelData.java:36) - e2eAPIRequest test execution started...
2024-03-28T13:46:47,884 [main] INFO  (RestAssuredListener.java:23) - 
 Method =>POST
 URI => https://restful-booker.herokuapp.com/booking
 Request body => {
  "firstname" : "rest assured  by",
  "lastname" : "testers talk",
  "additionalneeds" : "super bowls",
  "totalprice" : 1001,
  "depositpaid" : true,
  "bookingdates" : {
    "checkin" : "2018-01-01",
    "checkout" : "2019-01-01"
  }
}
 Response body => {
    "bookingid": 2981,
    "booking": {
        "firstname": "rest assured  by",
        "lastname": "testers talk",
        "totalprice": 1001,
        "depositpaid": true,
        "bookingdates": {
            "checkin": "2018-01-01",
            "checkout": "2019-01-01"
        },
        "additionalneeds": "super bowls"
    }
}
2024-03-28T13:46:49,006 [main] INFO  (RestAssuredListener.java:23) - 
 Method =>GET
 URI => https://restful-booker.herokuapp.com/booking/2981
 Request body => null
 Response body => {
    "firstname": "rest assured  by",
    "lastname": "testers talk",
    "totalprice": 1001,
    "depositpaid": true,
    "bookingdates": {
        "checkin": "2018-01-01",
        "checkout": "2019-01-01"
    },
    "additionalneeds": "super bowls"
}
2024-03-28T13:46:50,182 [main] INFO  (RestAssuredListener.java:23) - 
 Method =>POST
 URI => https://restful-booker.herokuapp.com/auth
 Request body => {
    "username":"admin",
    "password":"password123"

}
 Response body => {
    "token": "3cefdcd68f780a2"
}
2024-03-28T13:46:50,184 [main] INFO  (EndToEndAPITestWithExcelData.java:175) - e2eAPIRequest test execution ended...
2024-03-28T13:46:50,195 [main] INFO  (EndToEndAPITestWithExcelData.java:36) - e2eAPIRequest test execution started...
2024-03-28T13:46:51,322 [main] INFO  (RestAssuredListener.java:23) - 
 Method =>POST
 URI => https://restful-booker.herokuapp.com/booking
 Request body => {
  "firstname" : "postman  by",
  "lastname" : "testers talk",
  "additionalneeds" : "super bowls",
  "totalprice" : 1002,
  "depositpaid" : true,
  "bookingdates" : {
    "checkin" : "2018-01-01",
    "checkout" : "2019-01-01"
  }
}
 Response body => {
    "bookingid": 3016,
    "booking": {
        "firstname": "postman  by",
        "lastname": "testers talk",
        "totalprice": 1002,
        "depositpaid": true,
        "bookingdates": {
            "checkin": "2018-01-01",
            "checkout": "2019-01-01"
        },
        "additionalneeds": "super bowls"
    }
}
2024-03-28T13:46:52,447 [main] INFO  (RestAssuredListener.java:23) - 
 Method =>GET
 URI => https://restful-booker.herokuapp.com/booking/3016
 Request body => null
 Response body => {
    "firstname": "postman  by",
    "lastname": "testers talk",
    "totalprice": 1002,
    "depositpaid": true,
    "bookingdates": {
        "checkin": "2018-01-01",
        "checkout": "2019-01-01"
    },
    "additionalneeds": "super bowls"
}
2024-03-28T13:46:53,597 [main] INFO  (RestAssuredListener.java:23) - 
 Method =>POST
 URI => https://restful-booker.herokuapp.com/auth
 Request body => {
    "username":"admin",
    "password":"password123"

}
 Response body => {
    "token": "f5f0adb6c4f9dd2"
}
2024-03-28T13:46:53,599 [main] INFO  (EndToEndAPITestWithExcelData.java:175) - e2eAPIRequest test execution ended...
2024-03-28T13:50:21,371 [main] INFO  (EndToEndAPITestWithExcelData.java:36) - e2eAPIRequest test execution started...
2024-03-28T13:50:25,380 [main] INFO  (RestAssuredListener.java:23) - 
 Method =>POST
 URI => https://restful-booker.herokuapp.com/booking
 Request body => {
  "firstname" : "api testing by",
  "lastname" : "testers talk",
  "additionalneeds" : "super bowls",
  "totalprice" : 1000,
  "depositpaid" : true,
  "bookingdates" : {
    "checkin" : "2018-01-01",
    "checkout" : "2019-01-01"
  }
}
 Response body => {
    "bookingid": 4824,
    "booking": {
        "firstname": "api testing by",
        "lastname": "testers talk",
        "totalprice": 1000,
        "depositpaid": true,
        "bookingdates": {
            "checkin": "2018-01-01",
            "checkout": "2019-01-01"
        },
        "additionalneeds": "super bowls"
    }
}
2024-03-28T13:50:25,422 [main] INFO  (EndToEndAPITestWithExcelData.java:175) - e2eAPIRequest test execution ended...
2024-03-28T13:52:28,639 [main] INFO  (EndToEndAPITestWithExcelData.java:36) - e2eAPIRequest test execution started...
2024-03-28T13:52:32,703 [main] INFO  (RestAssuredListener.java:23) - 
 Method =>POST
 URI => https://restful-booker.herokuapp.com/booking
 Request body => {
  "firstname" : "api testing by",
  "lastname" : "testers talk",
  "additionalneeds" : "super bowls",
  "totalprice" : 1000,
  "depositpaid" : true,
  "bookingdates" : {
    "checkin" : "2018-01-01",
    "checkout" : "2019-01-01"
  }
}
 Response body => {
    "bookingid": 797,
    "booking": {
        "firstname": "api testing by",
        "lastname": "testers talk",
        "totalprice": 1000,
        "depositpaid": true,
        "bookingdates": {
            "checkin": "2018-01-01",
            "checkout": "2019-01-01"
        },
        "additionalneeds": "super bowls"
    }
}
2024-03-28T13:52:32,739 [main] INFO  (EndToEndAPITestWithExcelData.java:177) - e2eAPIRequest test execution ended...
2024-03-28T14:45:27,769 [main] INFO  (EndToEndAPITestRestHelper.java:39) - e2eAPIRequest test execution started...
2024-03-28T14:45:34,509 [main] INFO  (EndToEndAPITestRestHelper.java:169) - e2eAPIRequest test execution ended...
2024-03-28T14:47:19,415 [main] INFO  (EndToEndAPITestRestHelper.java:39) - e2eAPIRequest test execution started...
2024-03-28T14:47:24,125 [main] INFO  (EndToEndAPITestRestHelper.java:172) - e2eAPIRequest test execution ended...
2024-03-28T14:47:55,522 [main] INFO  (EndToEndAPITestRestHelper.java:39) - e2eAPIRequest test execution started...
2024-03-28T14:47:59,974 [main] INFO  (EndToEndAPITestRestHelper.java:172) - e2eAPIRequest test execution ended...
